WARNING:lerobot.configs.policies:Device 'None' is not available. Switching to 'cuda'.
INFO 2025-12-06 15:47:24 ot_train.py:163 {'batch_size': 8,
 'checkpoint_path': None,
 'dataset': {'episodes': None,
             'image_transforms': {'enable': False,
                                  'max_num_transforms': 3,
                                  'random_order': False,
                                  'tfs': {'affine': {'kwargs': {'degrees': [-5.0,
                                                                            5.0],
                                                                'translate': [0.05,
                                                                              0.05]},
                                                     'type': 'RandomAffine',
                                                     'weight': 1.0},
                                          'brightness': {'kwargs': {'brightness': [0.8,
                                                                                   1.2]},
                                                         'type': 'ColorJitter',
                                                         'weight': 1.0},
                                          'contrast': {'kwargs': {'contrast': [0.8,
                                                                               1.2]},
                                                       'type': 'ColorJitter',
                                                       'weight': 1.0},
                                          'hue': {'kwargs': {'hue': [-0.05,
                                                                     0.05]},
                                                  'type': 'ColorJitter',
                                                  'weight': 1.0},
                                          'saturation': {'kwargs': {'saturation': [0.5,
                                                                                   1.5]},
                                                         'type': 'ColorJitter',
                                                         'weight': 1.0},
                                          'sharpness': {'kwargs': {'sharpness': [0.5,
                                                                                 1.5]},
                                                        'type': 'SharpnessJitter',
                                                        'weight': 1.0}}},
             'repo_id': 'wmeddie/zenbot_place_rock3',
             'revision': None,
             'root': None,
             'streaming': False,
             'use_imagenet_stats': True,
             'video_backend': 'pyav'},
 'env': None,
 'eval': {'batch_size': 50, 'n_episodes': 50, 'use_async_envs': False},
 'eval_freq': 20000,
 'job_name': 'smolvla',
 'log_freq': 200,
 'num_workers': 4,
 'optimizer': {'betas': [0.9, 0.95],
               'eps': 1e-08,
               'grad_clip_norm': 10,
               'lr': 0.0001,
               'type': 'adamw',
               'weight_decay': 1e-10},
 'output_dir': 'outputs/smolvla_place_rock2',
 'policy': {'adapt_to_pi_aloha': False,
            'add_image_special_tokens': False,
            'attention_mode': 'cross_attn',
            'chunk_size': 50,
            'device': 'cuda',
            'empty_cameras': 0,
            'expert_width_multiplier': 0.75,
            'freeze_vision_encoder': True,
            'input_features': {},
            'license': None,
            'load_vlm_weights': False,
            'max_action_dim': 32,
            'max_period': 4.0,
            'max_state_dim': 32,
            'min_period': 0.004,
            'n_action_steps': 50,
            'n_obs_steps': 1,
            'normalization_mapping': {'ACTION': <NormalizationMode.MEAN_STD: 'MEAN_STD'>,
                                      'STATE': <NormalizationMode.MEAN_STD: 'MEAN_STD'>,
                                      'VISUAL': <NormalizationMode.IDENTITY: 'IDENTITY'>},
            'num_expert_layers': -1,
            'num_steps': 10,
            'num_vlm_layers': 16,
            'optimizer_betas': [0.9, 0.95],
            'optimizer_eps': 1e-08,
            'optimizer_grad_clip_norm': 10,
            'optimizer_lr': 0.0001,
            'optimizer_weight_decay': 1e-10,
            'output_features': {},
            'pad_language_to': 'longest',
            'prefix_length': -1,
            'pretrained_path': None,
            'private': None,
            'push_to_hub': True,
            'repo_id': 'wmeddie/smolvla_place_rock2',
            'resize_imgs_with_padding': [512, 512],
            'scheduler_decay_lr': 2.5e-06,
            'scheduler_decay_steps': 30000,
            'scheduler_warmup_steps': 1000,
            'self_attn_every_n_layers': 2,
            'tags': None,
            'tokenizer_max_length': 48,
            'train_expert_only': True,
            'train_state_proj': True,
            'type': 'smolvla',
            'use_amp': False,
            'use_cache': True,
            'use_delta_joint_actions_aloha': False,
            'vlm_model_name': 'HuggingFaceTB/SmolVLM2-500M-Video-Instruct'},
 'rename_map': {},
 'resume': False,
 'save_checkpoint': True,
 'save_freq': 10000,
 'scheduler': {'decay_lr': 2.5e-06,
               'num_decay_steps': 30000,
               'num_warmup_steps': 1000,
               'peak_lr': 0.0001,
               'type': 'cosine_decay_with_warmup'},
 'seed': 1000,
 'steps': 30000,
 'use_policy_training_preset': True,
 'wandb': {'disable_artifact': False,
           'enable': True,
           'entity': 'wm_eddie',
           'mode': None,
           'notes': None,
           'project': 'zenbot',
           'run_id': None}}
/opt/venv/lib/python3.12/site-packages/pydantic/_internal/_generate_schema.py:2249: UnsupportedFieldAttributeWarning: The 'repr' attribute with value False was provided to the `Field()` function, which has no effect in the context it was used. 'repr' is field-specific metadata, and can only be attached to a model field using `Annotated` metadata or by assignment. This may have happened because an `Annotated` type alias using the `type` statement was used, or if the `Field()` function was attached to a single member of a union type.
  warnings.warn(
/opt/venv/lib/python3.12/site-packages/pydantic/_internal/_generate_schema.py:2249: UnsupportedFieldAttributeWarning: The 'frozen' attribute with value True was provided to the `Field()` function, which has no effect in the context it was used. 'frozen' is field-specific metadata, and can only be attached to a model field using `Annotated` metadata or by assignment. This may have happened because an `Annotated` type alias using the `type` statement was used, or if the `Field()` function was attached to a single member of a union type.
  warnings.warn(
INFO 2025-12-06 15:47:25 db_utils.py:102 Logs will be synced with wandb.
INFO 2025-12-06 15:47:25 db_utils.py:103 Track this run --> https://wandb.ai/wm_eddie/zenbot/runs/ahzldd3c
INFO 2025-12-06 15:47:25 ot_train.py:183 Creating dataset
INFO 2025-12-06 15:47:25 ot_train.py:202 Creating policy
INFO 2025-12-06 15:47:41 ot_train.py:247 Creating optimizer and scheduler
INFO 2025-12-06 15:47:41 ot_train.py:259 Output dir: outputs/smolvla_place_rock2
INFO 2025-12-06 15:47:41 ot_train.py:262 cfg.steps=30000 (30K)
INFO 2025-12-06 15:47:41 ot_train.py:263 dataset.num_frames=79741 (80K)
INFO 2025-12-06 15:47:41 ot_train.py:264 dataset.num_episodes=50
INFO 2025-12-06 15:47:41 ot_train.py:267 Effective batch size: 8 x 1 = 8
INFO 2025-12-06 15:47:41 ot_train.py:268 num_learnable_params=99880992 (100M)
INFO 2025-12-06 15:47:41 ot_train.py:269 num_total_params=450046176 (450M)
INFO 2025-12-06 15:47:41 ot_train.py:324 Start offline training on a fixed dataset
Reducing the number of VLM layers to 16 ...
/opt/venv/lib/python3.12/site-packages/torchvision/io/_video_deprecation_warning.py:5: UserWarning: The video decoding and encoding capabilities of torchvision are deprecated from version 0.22 and will be removed in version 0.24. We recommend that you migrate to TorchCodec, where we'll consolidate the future decoding/encoding capabilities of PyTorch: https://github.com/pytorch/torchcodec
  warnings.warn(
/opt/venv/lib/python3.12/site-packages/torchvision/io/_video_deprecation_warning.py:5: UserWarning: The video decoding and encoding capabilities of torchvision are deprecated from version 0.22 and will be removed in version 0.24. We recommend that you migrate to TorchCodec, where we'll consolidate the future decoding/encoding capabilities of PyTorch: https://github.com/pytorch/torchcodec
  warnings.warn(
/opt/venv/lib/python3.12/site-packages/torchvision/io/_video_deprecation_warning.py:5: UserWarning: The video decoding and encoding capabilities of torchvision are deprecated from version 0.22 and will be removed in version 0.24. We recommend that you migrate to TorchCodec, where we'll consolidate the future decoding/encoding capabilities of PyTorch: https://github.com/pytorch/torchcodec
  warnings.warn(
/opt/venv/lib/python3.12/site-packages/torchvision/io/_video_deprecation_warning.py:5: UserWarning: The video decoding and encoding capabilities of torchvision are deprecated from version 0.22 and will be removed in version 0.24. We recommend that you migrate to TorchCodec, where we'll consolidate the future decoding/encoding capabilities of PyTorch: https://github.com/pytorch/torchcodec
  warnings.warn(
INFO 2025-12-06 15:48:35 ot_train.py:351 step:200 smpl:2K ep:1 epch:0.02 loss:1.118 grdn:5.066 lr:1.0e-05 updt_s:0.259 data_s:0.008
WARNING 2025-12-06 15:48:35 db_utils.py:141 WandB logging of key "losses_after_forward" was ignored as its type "<class 'torch.Tensor'>" is not handled by this wrapper.
WARNING 2025-12-06 15:48:35 db_utils.py:141 WandB logging of key "losses_after_rm_padding" was ignored as its type "<class 'torch.Tensor'>" is not handled by this wrapper.
INFO 2025-12-06 15:49:05 ot_train.py:351 step:400 smpl:3K ep:2 epch:0.04 loss:0.481 grdn:7.331 lr:3.0e-05 updt_s:0.146 data_s:0.003
WARNING 2025-12-06 15:49:05 db_utils.py:141 WandB logging of key "losses_after_forward" was ignored as its type "<class 'torch.Tensor'>" is not handled by this wrapper.
WARNING 2025-12-06 15:49:05 db_utils.py:141 WandB logging of key "losses_after_rm_padding" was ignored as its type "<class 'torch.Tensor'>" is not handled by this wrapper.
INFO 2025-12-06 15:49:35 ot_train.py:351 step:600 smpl:5K ep:3 epch:0.06 loss:0.325 grdn:6.463 lr:5.0e-05 updt_s:0.147 data_s:0.003
WARNING 2025-12-06 15:49:35 db_utils.py:141 WandB logging of key "losses_after_forward" was ignored as its type "<class 'torch.Tensor'>" is not handled by this wrapper.
WARNING 2025-12-06 15:49:35 db_utils.py:141 WandB logging of key "losses_after_rm_padding" was ignored as its type "<class 'torch.Tensor'>" is not handled by this wrapper.
INFO 2025-12-06 15:50:05 ot_train.py:351 step:800 smpl:6K ep:4 epch:0.08 loss:0.257 grdn:4.866 lr:7.0e-05 updt_s:0.147 data_s:0.003
WARNING 2025-12-06 15:50:05 db_utils.py:141 WandB logging of key "losses_after_forward" was ignored as its type "<class 'torch.Tensor'>" is not handled by this wrapper.
WARNING 2025-12-06 15:50:05 db_utils.py:141 WandB logging of key "losses_after_rm_padding" was ignored as its type "<class 'torch.Tensor'>" is not handled by this wrapper.
INFO 2025-12-06 15:50:36 ot_train.py:351 step:1K smpl:8K ep:5 epch:0.10 loss:0.198 grdn:3.243 lr:9.0e-05 updt_s:0.147 data_s:0.003
WARNING 2025-12-06 15:50:36 db_utils.py:141 WandB logging of key "losses_after_forward" was ignored as its type "<class 'torch.Tensor'>" is not handled by this wrapper.
WARNING 2025-12-06 15:50:36 db_utils.py:141 WandB logging of key "losses_after_rm_padding" was ignored as its type "<class 'torch.Tensor'>" is not handled by this wrapper.
INFO 2025-12-06 15:51:06 ot_train.py:351 step:1K smpl:10K ep:6 epch:0.12 loss:0.154 grdn:2.295 lr:1.0e-04 updt_s:0.146 data_s:0.003
WARNING 2025-12-06 15:51:06 db_utils.py:141 WandB logging of key "losses_after_forward" was ignored as its type "<class 'torch.Tensor'>" is not handled by this wrapper.
WARNING 2025-12-06 15:51:06 db_utils.py:141 WandB logging of key "losses_after_rm_padding" was ignored as its type "<class 'torch.Tensor'>" is not handled by this wrapper.
INFO 2025-12-06 15:51:36 ot_train.py:351 step:1K smpl:11K ep:7 epch:0.14 loss:0.124 grdn:1.730 lr:1.0e-04 updt_s:0.147 data_s:0.003
WARNING 2025-12-06 15:51:36 db_utils.py:141 WandB logging of key "losses_after_forward" was ignored as its type "<class 'torch.Tensor'>" is not handled by this wrapper.
WARNING 2025-12-06 15:51:36 db_utils.py:141 WandB logging of key "losses_after_rm_padding" was ignored as its type "<class 'torch.Tensor'>" is not handled by this wrapper.
INFO 2025-12-06 15:52:06 ot_train.py:351 step:2K smpl:13K ep:8 epch:0.16 loss:0.114 grdn:1.499 lr:9.9e-05 updt_s:0.147 data_s:0.003
WARNING 2025-12-06 15:52:06 db_utils.py:141 WandB logging of key "losses_after_forward" was ignored as its type "<class 'torch.Tensor'>" is not handled by this wrapper.
WARNING 2025-12-06 15:52:06 db_utils.py:141 WandB logging of key "losses_after_rm_padding" was ignored as its type "<class 'torch.Tensor'>" is not handled by this wrapper.
INFO 2025-12-06 15:52:36 ot_train.py:351 step:2K smpl:14K ep:9 epch:0.18 loss:0.099 grdn:1.265 lr:9.9e-05 updt_s:0.147 data_s:0.003
WARNING 2025-12-06 15:52:36 db_utils.py:141 WandB logging of key "losses_after_forward" was ignored as its type "<class 'torch.Tensor'>" is not handled by this wrapper.
WARNING 2025-12-06 15:52:36 db_utils.py:141 WandB logging of key "losses_after_rm_padding" was ignored as its type "<class 'torch.Tensor'>" is not handled by this wrapper.
INFO 2025-12-06 15:53:07 ot_train.py:351 step:2K smpl:16K ep:10 epch:0.20 loss:0.094 grdn:1.175 lr:9.9e-05 updt_s:0.148 data_s:0.003
WARNING 2025-12-06 15:53:07 db_utils.py:141 WandB logging of key "losses_after_forward" was ignored as its type "<class 'torch.Tensor'>" is not handled by this wrapper.
WARNING 2025-12-06 15:53:07 db_utils.py:141 WandB logging of key "losses_after_rm_padding" was ignored as its type "<class 'torch.Tensor'>" is not handled by this wrapper.
INFO 2025-12-06 15:53:37 ot_train.py:351 step:2K smpl:18K ep:11 epch:0.22 loss:0.088 grdn:1.066 lr:9.9e-05 updt_s:0.146 data_s:0.003
WARNING 2025-12-06 15:53:37 db_utils.py:141 WandB logging of key "losses_after_forward" was ignored as its type "<class 'torch.Tensor'>" is not handled by this wrapper.
WARNING 2025-12-06 15:53:37 db_utils.py:141 WandB logging of key "losses_after_rm_padding" was ignored as its type "<class 'torch.Tensor'>" is not handled by this wrapper.
INFO 2025-12-06 15:54:07 ot_train.py:351 step:2K smpl:19K ep:12 epch:0.24 loss:0.081 grdn:0.982 lr:9.9e-05 updt_s:0.147 data_s:0.003
WARNING 2025-12-06 15:54:07 db_utils.py:141 WandB logging of key "losses_after_forward" was ignored as its type "<class 'torch.Tensor'>" is not handled by this wrapper.
WARNING 2025-12-06 15:54:07 db_utils.py:141 WandB logging of key "losses_after_rm_padding" was ignored as its type "<class 'torch.Tensor'>" is not handled by this wrapper.
INFO 2025-12-06 15:54:37 ot_train.py:351 step:3K smpl:21K ep:13 epch:0.26 loss:0.079 grdn:0.979 lr:9.8e-05 updt_s:0.146 data_s:0.003
WARNING 2025-12-06 15:54:37 db_utils.py:141 WandB logging of key "losses_after_forward" was ignored as its type "<class 'torch.Tensor'>" is not handled by this wrapper.
WARNING 2025-12-06 15:54:37 db_utils.py:141 WandB logging of key "losses_after_rm_padding" was ignored as its type "<class 'torch.Tensor'>" is not handled by this wrapper.
INFO 2025-12-06 15:55:07 ot_train.py:351 step:3K smpl:22K ep:14 epch:0.28 loss:0.077 grdn:0.919 lr:9.8e-05 updt_s:0.147 data_s:0.003
WARNING 2025-12-06 15:55:07 db_utils.py:141 WandB logging of key "losses_after_forward" was ignored as its type "<class 'torch.Tensor'>" is not handled by this wrapper.
WARNING 2025-12-06 15:55:07 db_utils.py:141 WandB logging of key "losses_after_rm_padding" was ignored as its type "<class 'torch.Tensor'>" is not handled by this wrapper.
INFO 2025-12-06 15:55:37 ot_train.py:351 step:3K smpl:24K ep:15 epch:0.30 loss:0.073 grdn:0.878 lr:9.8e-05 updt_s:0.146 data_s:0.003
WARNING 2025-12-06 15:55:37 db_utils.py:141 WandB logging of key "losses_after_forward" was ignored as its type "<class 'torch.Tensor'>" is not handled by this wrapper.
WARNING 2025-12-06 15:55:37 db_utils.py:141 WandB logging of key "losses_after_rm_padding" was ignored as its type "<class 'torch.Tensor'>" is not handled by this wrapper.
INFO 2025-12-06 15:56:07 ot_train.py:351 step:3K smpl:26K ep:16 epch:0.32 loss:0.067 grdn:0.817 lr:9.7e-05 updt_s:0.146 data_s:0.003
WARNING 2025-12-06 15:56:07 db_utils.py:141 WandB logging of key "losses_after_forward" was ignored as its type "<class 'torch.Tensor'>" is not handled by this wrapper.
WARNING 2025-12-06 15:56:07 db_utils.py:141 WandB logging of key "losses_after_rm_padding" was ignored as its type "<class 'torch.Tensor'>" is not handled by this wrapper.
INFO 2025-12-06 15:56:38 ot_train.py:351 step:3K smpl:27K ep:17 epch:0.34 loss:0.063 grdn:0.771 lr:9.7e-05 updt_s:0.147 data_s:0.003
WARNING 2025-12-06 15:56:38 db_utils.py:141 WandB logging of key "losses_after_forward" was ignored as its type "<class 'torch.Tensor'>" is not handled by this wrapper.
WARNING 2025-12-06 15:56:38 db_utils.py:141 WandB logging of key "losses_after_rm_padding" was ignored as its type "<class 'torch.Tensor'>" is not handled by this wrapper.
INFO 2025-12-06 15:57:08 ot_train.py:351 step:4K smpl:29K ep:18 epch:0.36 loss:0.068 grdn:0.792 lr:9.7e-05 updt_s:0.146 data_s:0.003
WARNING 2025-12-06 15:57:08 db_utils.py:141 WandB logging of key "losses_after_forward" was ignored as its type "<class 'torch.Tensor'>" is not handled by this wrapper.
WARNING 2025-12-06 15:57:08 db_utils.py:141 WandB logging of key "losses_after_rm_padding" was ignored as its type "<class 'torch.Tensor'>" is not handled by this wrapper.
INFO 2025-12-06 15:57:38 ot_train.py:351 step:4K smpl:30K ep:19 epch:0.38 loss:0.064 grdn:0.742 lr:9.6e-05 updt_s:0.146 data_s:0.003
WARNING 2025-12-06 15:57:38 db_utils.py:141 WandB logging of key "losses_after_forward" was ignored as its type "<class 'torch.Tensor'>" is not handled by this wrapper.
WARNING 2025-12-06 15:57:38 db_utils.py:141 WandB logging of key "losses_after_rm_padding" was ignored as its type "<class 'torch.Tensor'>" is not handled by this wrapper.
INFO 2025-12-06 15:58:08 ot_train.py:351 step:4K smpl:32K ep:20 epch:0.40 loss:0.058 grdn:0.691 lr:9.6e-05 updt_s:0.146 data_s:0.003
WARNING 2025-12-06 15:58:08 db_utils.py:141 WandB logging of key "losses_after_forward" was ignored as its type "<class 'torch.Tensor'>" is not handled by this wrapper.
WARNING 2025-12-06 15:58:08 db_utils.py:141 WandB logging of key "losses_after_rm_padding" was ignored as its type "<class 'torch.Tensor'>" is not handled by this wrapper.
INFO 2025-12-06 15:58:38 ot_train.py:351 step:4K smpl:34K ep:21 epch:0.42 loss:0.060 grdn:0.701 lr:9.6e-05 updt_s:0.148 data_s:0.003
WARNING 2025-12-06 15:58:38 db_utils.py:141 WandB logging of key "losses_after_forward" was ignored as its type "<class 'torch.Tensor'>" is not handled by this wrapper.
WARNING 2025-12-06 15:58:38 db_utils.py:141 WandB logging of key "losses_after_rm_padding" was ignored as its type "<class 'torch.Tensor'>" is not handled by this wrapper.
INFO 2025-12-06 15:59:08 ot_train.py:351 step:4K smpl:35K ep:22 epch:0.44 loss:0.063 grdn:0.731 lr:9.5e-05 updt_s:0.147 data_s:0.003
WARNING 2025-12-06 15:59:08 db_utils.py:141 WandB logging of key "losses_after_forward" was ignored as its type "<class 'torch.Tensor'>" is not handled by this wrapper.
WARNING 2025-12-06 15:59:08 db_utils.py:141 WandB logging of key "losses_after_rm_padding" was ignored as its type "<class 'torch.Tensor'>" is not handled by this wrapper.
INFO 2025-12-06 15:59:38 ot_train.py:351 step:5K smpl:37K ep:23 epch:0.46 loss:0.053 grdn:0.649 lr:9.5e-05 updt_s:0.146 data_s:0.003
WARNING 2025-12-06 15:59:38 db_utils.py:141 WandB logging of key "losses_after_forward" was ignored as its type "<class 'torch.Tensor'>" is not handled by this wrapper.
WARNING 2025-12-06 15:59:38 db_utils.py:141 WandB logging of key "losses_after_rm_padding" was ignored as its type "<class 'torch.Tensor'>" is not handled by this wrapper.
INFO 2025-12-06 16:00:08 ot_train.py:351 step:5K smpl:38K ep:24 epch:0.48 loss:0.060 grdn:0.697 lr:9.4e-05 updt_s:0.146 data_s:0.003
WARNING 2025-12-06 16:00:08 db_utils.py:141 WandB logging of key "losses_after_forward" was ignored as its type "<class 'torch.Tensor'>" is not handled by this wrapper.
WARNING 2025-12-06 16:00:08 db_utils.py:141 WandB logging of key "losses_after_rm_padding" was ignored as its type "<class 'torch.Tensor'>" is not handled by this wrapper.
INFO 2025-12-06 16:00:38 ot_train.py:351 step:5K smpl:40K ep:25 epch:0.50 loss:0.052 grdn:0.631 lr:9.4e-05 updt_s:0.146 data_s:0.003
WARNING 2025-12-06 16:00:38 db_utils.py:141 WandB logging of key "losses_after_forward" was ignored as its type "<class 'torch.Tensor'>" is not handled by this wrapper.
WARNING 2025-12-06 16:00:38 db_utils.py:141 WandB logging of key "losses_after_rm_padding" was ignored as its type "<class 'torch.Tensor'>" is not handled by this wrapper.
INFO 2025-12-06 16:01:09 ot_train.py:351 step:5K smpl:42K ep:26 epch:0.52 loss:0.050 grdn:0.625 lr:9.3e-05 updt_s:0.147 data_s:0.003
WARNING 2025-12-06 16:01:09 db_utils.py:141 WandB logging of key "losses_after_forward" was ignored as its type "<class 'torch.Tensor'>" is not handled by this wrapper.
WARNING 2025-12-06 16:01:09 db_utils.py:141 WandB logging of key "losses_after_rm_padding" was ignored as its type "<class 'torch.Tensor'>" is not handled by this wrapper.
INFO 2025-12-06 16:01:39 ot_train.py:351 step:5K smpl:43K ep:27 epch:0.54 loss:0.052 grdn:0.634 lr:9.3e-05 updt_s:0.147 data_s:0.003
WARNING 2025-12-06 16:01:39 db_utils.py:141 WandB logging of key "losses_after_forward" was ignored as its type "<class 'torch.Tensor'>" is not handled by this wrapper.
WARNING 2025-12-06 16:01:39 db_utils.py:141 WandB logging of key "losses_after_rm_padding" was ignored as its type "<class 'torch.Tensor'>" is not handled by this wrapper.
INFO 2025-12-06 16:02:09 ot_train.py:351 step:6K smpl:45K ep:28 epch:0.56 loss:0.051 grdn:0.635 lr:9.2e-05 updt_s:0.146 data_s:0.003
WARNING 2025-12-06 16:02:09 db_utils.py:141 WandB logging of key "losses_after_forward" was ignored as its type "<class 'torch.Tensor'>" is not handled by this wrapper.
WARNING 2025-12-06 16:02:09 db_utils.py:141 WandB logging of key "losses_after_rm_padding" was ignored as its type "<class 'torch.Tensor'>" is not handled by this wrapper.
INFO 2025-12-06 16:02:39 ot_train.py:351 step:6K smpl:46K ep:29 epch:0.58 loss:0.051 grdn:0.628 lr:9.2e-05 updt_s:0.147 data_s:0.003
WARNING 2025-12-06 16:02:39 db_utils.py:141 WandB logging of key "losses_after_forward" was ignored as its type "<class 'torch.Tensor'>" is not handled by this wrapper.
WARNING 2025-12-06 16:02:39 db_utils.py:141 WandB logging of key "losses_after_rm_padding" was ignored as its type "<class 'torch.Tensor'>" is not handled by this wrapper.
INFO 2025-12-06 16:03:10 ot_train.py:351 step:6K smpl:48K ep:30 epch:0.60 loss:0.051 grdn:0.614 lr:9.1e-05 updt_s:0.147 data_s:0.003
WARNING 2025-12-06 16:03:10 db_utils.py:141 WandB logging of key "losses_after_forward" was ignored as its type "<class 'torch.Tensor'>" is not handled by this wrapper.
WARNING 2025-12-06 16:03:10 db_utils.py:141 WandB logging of key "losses_after_rm_padding" was ignored as its type "<class 'torch.Tensor'>" is not handled by this wrapper.
INFO 2025-12-06 16:03:40 ot_train.py:351 step:6K smpl:50K ep:31 epch:0.62 loss:0.050 grdn:0.583 lr:9.0e-05 updt_s:0.146 data_s:0.003
WARNING 2025-12-06 16:03:40 db_utils.py:141 WandB logging of key "losses_after_forward" was ignored as its type "<class 'torch.Tensor'>" is not handled by this wrapper.
WARNING 2025-12-06 16:03:40 db_utils.py:141 WandB logging of key "losses_after_rm_padding" was ignored as its type "<class 'torch.Tensor'>" is not handled by this wrapper.
INFO 2025-12-06 16:04:10 ot_train.py:351 step:6K smpl:51K ep:32 epch:0.64 loss:0.048 grdn:0.588 lr:9.0e-05 updt_s:0.146 data_s:0.003
WARNING 2025-12-06 16:04:10 db_utils.py:141 WandB logging of key "losses_after_forward" was ignored as its type "<class 'torch.Tensor'>" is not handled by this wrapper.
WARNING 2025-12-06 16:04:10 db_utils.py:141 WandB logging of key "losses_after_rm_padding" was ignored as its type "<class 'torch.Tensor'>" is not handled by this wrapper.
INFO 2025-12-06 16:04:40 ot_train.py:351 step:7K smpl:53K ep:33 epch:0.66 loss:0.047 grdn:0.561 lr:8.9e-05 updt_s:0.146 data_s:0.003
WARNING 2025-12-06 16:04:40 db_utils.py:141 WandB logging of key "losses_after_forward" was ignored as its type "<class 'torch.Tensor'>" is not handled by this wrapper.
WARNING 2025-12-06 16:04:40 db_utils.py:141 WandB logging of key "losses_after_rm_padding" was ignored as its type "<class 'torch.Tensor'>" is not handled by this wrapper.
INFO 2025-12-06 16:05:10 ot_train.py:351 step:7K smpl:54K ep:34 epch:0.68 loss:0.047 grdn:0.553 lr:8.8e-05 updt_s:0.146 data_s:0.003
WARNING 2025-12-06 16:05:10 db_utils.py:141 WandB logging of key "losses_after_forward" was ignored as its type "<class 'torch.Tensor'>" is not handled by this wrapper.
WARNING 2025-12-06 16:05:10 db_utils.py:141 WandB logging of key "losses_after_rm_padding" was ignored as its type "<class 'torch.Tensor'>" is not handled by this wrapper.
INFO 2025-12-06 16:05:40 ot_train.py:351 step:7K smpl:56K ep:35 epch:0.70 loss:0.046 grdn:0.569 lr:8.8e-05 updt_s:0.146 data_s:0.003
WARNING 2025-12-06 16:05:40 db_utils.py:141 WandB logging of key "losses_after_forward" was ignored as its type "<class 'torch.Tensor'>" is not handled by this wrapper.
WARNING 2025-12-06 16:05:40 db_utils.py:141 WandB logging of key "losses_after_rm_padding" was ignored as its type "<class 'torch.Tensor'>" is not handled by this wrapper.
INFO 2025-12-06 16:06:10 ot_train.py:351 step:7K smpl:58K ep:36 epch:0.72 loss:0.047 grdn:0.550 lr:8.7e-05 updt_s:0.146 data_s:0.003
WARNING 2025-12-06 16:06:10 db_utils.py:141 WandB logging of key "losses_after_forward" was ignored as its type "<class 'torch.Tensor'>" is not handled by this wrapper.
WARNING 2025-12-06 16:06:10 db_utils.py:141 WandB logging of key "losses_after_rm_padding" was ignored as its type "<class 'torch.Tensor'>" is not handled by this wrapper.
INFO 2025-12-06 16:06:40 ot_train.py:351 step:7K smpl:59K ep:37 epch:0.74 loss:0.045 grdn:0.555 lr:8.6e-05 updt_s:0.146 data_s:0.003
WARNING 2025-12-06 16:06:40 db_utils.py:141 WandB logging of key "losses_after_forward" was ignored as its type "<class 'torch.Tensor'>" is not handled by this wrapper.
WARNING 2025-12-06 16:06:40 db_utils.py:141 WandB logging of key "losses_after_rm_padding" was ignored as its type "<class 'torch.Tensor'>" is not handled by this wrapper.
INFO 2025-12-06 16:07:10 ot_train.py:351 step:8K smpl:61K ep:38 epch:0.76 loss:0.043 grdn:0.522 lr:8.6e-05 updt_s:0.146 data_s:0.003
WARNING 2025-12-06 16:07:10 db_utils.py:141 WandB logging of key "losses_after_forward" was ignored as its type "<class 'torch.Tensor'>" is not handled by this wrapper.
WARNING 2025-12-06 16:07:10 db_utils.py:141 WandB logging of key "losses_after_rm_padding" was ignored as its type "<class 'torch.Tensor'>" is not handled by this wrapper.
INFO 2025-12-06 16:07:40 ot_train.py:351 step:8K smpl:62K ep:39 epch:0.78 loss:0.044 grdn:0.528 lr:8.5e-05 updt_s:0.147 data_s:0.003
WARNING 2025-12-06 16:07:40 db_utils.py:141 WandB logging of key "losses_after_forward" was ignored as its type "<class 'torch.Tensor'>" is not handled by this wrapper.
WARNING 2025-12-06 16:07:40 db_utils.py:141 WandB logging of key "losses_after_rm_padding" was ignored as its type "<class 'torch.Tensor'>" is not handled by this wrapper.
INFO 2025-12-06 16:08:10 ot_train.py:351 step:8K smpl:64K ep:40 epch:0.80 loss:0.044 grdn:0.535 lr:8.4e-05 updt_s:0.147 data_s:0.003
WARNING 2025-12-06 16:08:10 db_utils.py:141 WandB logging of key "losses_after_forward" was ignored as its type "<class 'torch.Tensor'>" is not handled by this wrapper.
WARNING 2025-12-06 16:08:10 db_utils.py:141 WandB logging of key "losses_after_rm_padding" was ignored as its type "<class 'torch.Tensor'>" is not handled by this wrapper.
INFO 2025-12-06 16:08:40 ot_train.py:351 step:8K smpl:66K ep:41 epch:0.82 loss:0.042 grdn:0.529 lr:8.3e-05 updt_s:0.147 data_s:0.003
WARNING 2025-12-06 16:08:40 db_utils.py:141 WandB logging of key "losses_after_forward" was ignored as its type "<class 'torch.Tensor'>" is not handled by this wrapper.
WARNING 2025-12-06 16:08:40 db_utils.py:141 WandB logging of key "losses_after_rm_padding" was ignored as its type "<class 'torch.Tensor'>" is not handled by this wrapper.
INFO 2025-12-06 16:09:10 ot_train.py:351 step:8K smpl:67K ep:42 epch:0.84 loss:0.045 grdn:0.538 lr:8.3e-05 updt_s:0.147 data_s:0.003
WARNING 2025-12-06 16:09:10 db_utils.py:141 WandB logging of key "losses_after_forward" was ignored as its type "<class 'torch.Tensor'>" is not handled by this wrapper.
WARNING 2025-12-06 16:09:10 db_utils.py:141 WandB logging of key "losses_after_rm_padding" was ignored as its type "<class 'torch.Tensor'>" is not handled by this wrapper.
INFO 2025-12-06 16:09:40 ot_train.py:351 step:9K smpl:69K ep:43 epch:0.86 loss:0.041 grdn:0.501 lr:8.2e-05 updt_s:0.147 data_s:0.003
WARNING 2025-12-06 16:09:40 db_utils.py:141 WandB logging of key "losses_after_forward" was ignored as its type "<class 'torch.Tensor'>" is not handled by this wrapper.
WARNING 2025-12-06 16:09:40 db_utils.py:141 WandB logging of key "losses_after_rm_padding" was ignored as its type "<class 'torch.Tensor'>" is not handled by this wrapper.
INFO 2025-12-06 16:10:10 ot_train.py:351 step:9K smpl:70K ep:44 epch:0.88 loss:0.042 grdn:0.525 lr:8.1e-05 updt_s:0.146 data_s:0.003
WARNING 2025-12-06 16:10:10 db_utils.py:141 WandB logging of key "losses_after_forward" was ignored as its type "<class 'torch.Tensor'>" is not handled by this wrapper.
WARNING 2025-12-06 16:10:10 db_utils.py:141 WandB logging of key "losses_after_rm_padding" was ignored as its type "<class 'torch.Tensor'>" is not handled by this wrapper.
INFO 2025-12-06 16:10:41 ot_train.py:351 step:9K smpl:72K ep:45 epch:0.90 loss:0.040 grdn:0.476 lr:8.0e-05 updt_s:0.147 data_s:0.003
WARNING 2025-12-06 16:10:41 db_utils.py:141 WandB logging of key "losses_after_forward" was ignored as its type "<class 'torch.Tensor'>" is not handled by this wrapper.
WARNING 2025-12-06 16:10:41 db_utils.py:141 WandB logging of key "losses_after_rm_padding" was ignored as its type "<class 'torch.Tensor'>" is not handled by this wrapper.
INFO 2025-12-06 16:11:12 ot_train.py:351 step:9K smpl:74K ep:46 epch:0.92 loss:0.041 grdn:0.519 lr:7.9e-05 updt_s:0.150 data_s:0.003
WARNING 2025-12-06 16:11:12 db_utils.py:141 WandB logging of key "losses_after_forward" was ignored as its type "<class 'torch.Tensor'>" is not handled by this wrapper.
WARNING 2025-12-06 16:11:12 db_utils.py:141 WandB logging of key "losses_after_rm_padding" was ignored as its type "<class 'torch.Tensor'>" is not handled by this wrapper.
INFO 2025-12-06 16:11:42 ot_train.py:351 step:9K smpl:75K ep:47 epch:0.94 loss:0.040 grdn:0.499 lr:7.9e-05 updt_s:0.146 data_s:0.003
WARNING 2025-12-06 16:11:42 db_utils.py:141 WandB logging of key "losses_after_forward" was ignored as its type "<class 'torch.Tensor'>" is not handled by this wrapper.
WARNING 2025-12-06 16:11:42 db_utils.py:141 WandB logging of key "losses_after_rm_padding" was ignored as its type "<class 'torch.Tensor'>" is not handled by this wrapper.
INFO 2025-12-06 16:12:12 ot_train.py:351 step:10K smpl:77K ep:48 epch:0.96 loss:0.038 grdn:0.470 lr:7.8e-05 updt_s:0.146 data_s:0.003
WARNING 2025-12-06 16:12:12 db_utils.py:141 WandB logging of key "losses_after_forward" was ignored as its type "<class 'torch.Tensor'>" is not handled by this wrapper.
WARNING 2025-12-06 16:12:12 db_utils.py:141 WandB logging of key "losses_after_rm_padding" was ignored as its type "<class 'torch.Tensor'>" is not handled by this wrapper.
INFO 2025-12-06 16:12:42 ot_train.py:351 step:10K smpl:78K ep:49 epch:0.98 loss:0.037 grdn:0.475 lr:7.7e-05 updt_s:0.146 data_s:0.003
WARNING 2025-12-06 16:12:42 db_utils.py:141 WandB logging of key "losses_after_forward" was ignored as its type "<class 'torch.Tensor'>" is not handled by this wrapper.
WARNING 2025-12-06 16:12:42 db_utils.py:141 WandB logging of key "losses_after_rm_padding" was ignored as its type "<class 'torch.Tensor'>" is not handled by this wrapper.
huggingface/tokenizers: The current process just got forked, after parallelism has already been used. Disabling parallelism to avoid deadlocks...
To disable this warning, you can either:
	- Avoid using `tokenizers` before the fork if possible
	- Explicitly set the environment variable TOKENIZERS_PARALLELISM=(true | false)
huggingface/tokenizers: The current process just got forked, after parallelism has already been used. Disabling parallelism to avoid deadlocks...
To disable this warning, you can either:
	- Avoid using `tokenizers` before the fork if possible
	- Explicitly set the environment variable TOKENIZERS_PARALLELISM=(true | false)
huggingface/tokenizers: The current process just got forked, after parallelism has already been used. Disabling parallelism to avoid deadlocks...
To disable this warning, you can either:
	- Avoid using `tokenizers` before the fork if possible
	- Explicitly set the environment variable TOKENIZERS_PARALLELISM=(true | false)
huggingface/tokenizers: The current process just got forked, after parallelism has already been used. Disabling parallelism to avoid deadlocks...
To disable this warning, you can either:
	- Avoid using `tokenizers` before the fork if possible
	- Explicitly set the environment variable TOKENIZERS_PARALLELISM=(true | false)
/opt/venv/lib/python3.12/site-packages/torchvision/io/_video_deprecation_warning.py:5: UserWarning: The video decoding and encoding capabilities of torchvision are deprecated from version 0.22 and will be removed in version 0.24. We recommend that you migrate to TorchCodec, where we'll consolidate the future decoding/encoding capabilities of PyTorch: https://github.com/pytorch/torchcodec
  warnings.warn(
/opt/venv/lib/python3.12/site-packages/torchvision/io/_video_deprecation_warning.py:5: UserWarning: The video decoding and encoding capabilities of torchvision are deprecated from version 0.22 and will be removed in version 0.24. We recommend that you migrate to TorchCodec, where we'll consolidate the future decoding/encoding capabilities of PyTorch: https://github.com/pytorch/torchcodec
  warnings.warn(
/opt/venv/lib/python3.12/site-packages/torchvision/io/_video_deprecation_warning.py:5: UserWarning: The video decoding and encoding capabilities of torchvision are deprecated from version 0.22 and will be removed in version 0.24. We recommend that you migrate to TorchCodec, where we'll consolidate the future decoding/encoding capabilities of PyTorch: https://github.com/pytorch/torchcodec
  warnings.warn(
/opt/venv/lib/python3.12/site-packages/torchvision/io/_video_deprecation_warning.py:5: UserWarning: The video decoding and encoding capabilities of torchvision are deprecated from version 0.22 and will be removed in version 0.24. We recommend that you migrate to TorchCodec, where we'll consolidate the future decoding/encoding capabilities of PyTorch: https://github.com/pytorch/torchcodec
  warnings.warn(
INFO 2025-12-06 16:13:15 ot_train.py:351 step:10K smpl:80K ep:50 epch:1.00 loss:0.038 grdn:0.482 lr:7.6e-05 updt_s:0.149 data_s:0.016
WARNING 2025-12-06 16:13:15 db_utils.py:141 WandB logging of key "losses_after_forward" was ignored as its type "<class 'torch.Tensor'>" is not handled by this wrapper.
WARNING 2025-12-06 16:13:15 db_utils.py:141 WandB logging of key "losses_after_rm_padding" was ignored as its type "<class 'torch.Tensor'>" is not handled by this wrapper.
INFO 2025-12-06 16:13:15 ot_train.py:361 Checkpoint policy after step 10000
INFO 2025-12-06 16:13:50 ot_train.py:351 step:10K smpl:82K ep:51 epch:1.02 loss:0.038 grdn:0.482 lr:7.5e-05 updt_s:0.150 data_s:0.003
WARNING 2025-12-06 16:13:50 db_utils.py:141 WandB logging of key "losses_after_forward" was ignored as its type "<class 'torch.Tensor'>" is not handled by this wrapper.
WARNING 2025-12-06 16:13:50 db_utils.py:141 WandB logging of key "losses_after_rm_padding" was ignored as its type "<class 'torch.Tensor'>" is not handled by this wrapper.
INFO 2025-12-06 16:14:22 ot_train.py:351 step:10K smpl:83K ep:52 epch:1.04 loss:0.038 grdn:0.478 lr:7.4e-05 updt_s:0.147 data_s:0.014
WARNING 2025-12-06 16:14:22 db_utils.py:141 WandB logging of key "losses_after_forward" was ignored as its type "<class 'torch.Tensor'>" is not handled by this wrapper.
WARNING 2025-12-06 16:14:22 db_utils.py:141 WandB logging of key "losses_after_rm_padding" was ignored as its type "<class 'torch.Tensor'>" is not handled by this wrapper.
INFO 2025-12-06 16:14:54 ot_train.py:351 step:11K smpl:85K ep:53 epch:1.06 loss:0.037 grdn:0.470 lr:7.3e-05 updt_s:0.145 data_s:0.013
WARNING 2025-12-06 16:14:54 db_utils.py:141 WandB logging of key "losses_after_forward" was ignored as its type "<class 'torch.Tensor'>" is not handled by this wrapper.
WARNING 2025-12-06 16:14:54 db_utils.py:141 WandB logging of key "losses_after_rm_padding" was ignored as its type "<class 'torch.Tensor'>" is not handled by this wrapper.
INFO 2025-12-06 16:15:26 ot_train.py:351 step:11K smpl:86K ep:54 epch:1.08 loss:0.037 grdn:0.480 lr:7.2e-05 updt_s:0.145 data_s:0.013
WARNING 2025-12-06 16:15:26 db_utils.py:141 WandB logging of key "losses_after_forward" was ignored as its type "<class 'torch.Tensor'>" is not handled by this wrapper.
WARNING 2025-12-06 16:15:26 db_utils.py:141 WandB logging of key "losses_after_rm_padding" was ignored as its type "<class 'torch.Tensor'>" is not handled by this wrapper.
INFO 2025-12-06 16:15:58 ot_train.py:351 step:11K smpl:88K ep:55 epch:1.10 loss:0.037 grdn:0.471 lr:7.2e-05 updt_s:0.144 data_s:0.013
WARNING 2025-12-06 16:15:58 db_utils.py:141 WandB logging of key "losses_after_forward" was ignored as its type "<class 'torch.Tensor'>" is not handled by this wrapper.
WARNING 2025-12-06 16:15:58 db_utils.py:141 WandB logging of key "losses_after_rm_padding" was ignored as its type "<class 'torch.Tensor'>" is not handled by this wrapper.
INFO 2025-12-06 16:16:30 ot_train.py:351 step:11K smpl:90K ep:56 epch:1.12 loss:0.035 grdn:0.469 lr:7.1e-05 updt_s:0.144 data_s:0.016
WARNING 2025-12-06 16:16:30 db_utils.py:141 WandB logging of key "losses_after_forward" was ignored as its type "<class 'torch.Tensor'>" is not handled by this wrapper.
WARNING 2025-12-06 16:16:30 db_utils.py:141 WandB logging of key "losses_after_rm_padding" was ignored as its type "<class 'torch.Tensor'>" is not handled by this wrapper.
INFO 2025-12-06 16:17:02 ot_train.py:351 step:11K smpl:91K ep:57 epch:1.14 loss:0.034 grdn:0.444 lr:7.0e-05 updt_s:0.146 data_s:0.013
WARNING 2025-12-06 16:17:02 db_utils.py:141 WandB logging of key "losses_after_forward" was ignored as its type "<class 'torch.Tensor'>" is not handled by this wrapper.
WARNING 2025-12-06 16:17:02 db_utils.py:141 WandB logging of key "losses_after_rm_padding" was ignored as its type "<class 'torch.Tensor'>" is not handled by this wrapper.
INFO 2025-12-06 16:17:34 ot_train.py:351 step:12K smpl:93K ep:58 epch:1.16 loss:0.036 grdn:0.464 lr:6.9e-05 updt_s:0.145 data_s:0.015
WARNING 2025-12-06 16:17:34 db_utils.py:141 WandB logging of key "losses_after_forward" was ignored as its type "<class 'torch.Tensor'>" is not handled by this wrapper.
WARNING 2025-12-06 16:17:34 db_utils.py:141 WandB logging of key "losses_after_rm_padding" was ignored as its type "<class 'torch.Tensor'>" is not handled by this wrapper.
INFO 2025-12-06 16:18:06 ot_train.py:351 step:12K smpl:94K ep:59 epch:1.18 loss:0.035 grdn:0.438 lr:6.8e-05 updt_s:0.146 data_s:0.013
WARNING 2025-12-06 16:18:06 db_utils.py:141 WandB logging of key "losses_after_forward" was ignored as its type "<class 'torch.Tensor'>" is not handled by this wrapper.
WARNING 2025-12-06 16:18:06 db_utils.py:141 WandB logging of key "losses_after_rm_padding" was ignored as its type "<class 'torch.Tensor'>" is not handled by this wrapper.
INFO 2025-12-06 16:18:39 ot_train.py:351 step:12K smpl:96K ep:60 epch:1.20 loss:0.035 grdn:0.439 lr:6.7e-05 updt_s:0.145 data_s:0.016
WARNING 2025-12-06 16:18:39 db_utils.py:141 WandB logging of key "losses_after_forward" was ignored as its type "<class 'torch.Tensor'>" is not handled by this wrapper.
WARNING 2025-12-06 16:18:39 db_utils.py:141 WandB logging of key "losses_after_rm_padding" was ignored as its type "<class 'torch.Tensor'>" is not handled by this wrapper.
INFO 2025-12-06 16:19:11 ot_train.py:351 step:12K smpl:98K ep:61 epch:1.22 loss:0.036 grdn:0.463 lr:6.6e-05 updt_s:0.145 data_s:0.015
WARNING 2025-12-06 16:19:11 db_utils.py:141 WandB logging of key "losses_after_forward" was ignored as its type "<class 'torch.Tensor'>" is not handled by this wrapper.
WARNING 2025-12-06 16:19:11 db_utils.py:141 WandB logging of key "losses_after_rm_padding" was ignored as its type "<class 'torch.Tensor'>" is not handled by this wrapper.
INFO 2025-12-06 16:19:43 ot_train.py:351 step:12K smpl:99K ep:62 epch:1.24 loss:0.033 grdn:0.420 lr:6.5e-05 updt_s:0.145 data_s:0.016
WARNING 2025-12-06 16:19:43 db_utils.py:141 WandB logging of key "losses_after_forward" was ignored as its type "<class 'torch.Tensor'>" is not handled by this wrapper.
WARNING 2025-12-06 16:19:43 db_utils.py:141 WandB logging of key "losses_after_rm_padding" was ignored as its type "<class 'torch.Tensor'>" is not handled by this wrapper.
INFO 2025-12-06 16:20:15 ot_train.py:351 step:13K smpl:101K ep:63 epch:1.26 loss:0.033 grdn:0.440 lr:6.4e-05 updt_s:0.146 data_s:0.013
WARNING 2025-12-06 16:20:15 db_utils.py:141 WandB logging of key "losses_after_forward" was ignored as its type "<class 'torch.Tensor'>" is not handled by this wrapper.
WARNING 2025-12-06 16:20:15 db_utils.py:141 WandB logging of key "losses_after_rm_padding" was ignored as its type "<class 'torch.Tensor'>" is not handled by this wrapper.
INFO 2025-12-06 16:20:48 ot_train.py:351 step:13K smpl:102K ep:64 epch:1.28 loss:0.032 grdn:0.413 lr:6.3e-05 updt_s:0.145 data_s:0.015
WARNING 2025-12-06 16:20:48 db_utils.py:141 WandB logging of key "losses_after_forward" was ignored as its type "<class 'torch.Tensor'>" is not handled by this wrapper.
WARNING 2025-12-06 16:20:48 db_utils.py:141 WandB logging of key "losses_after_rm_padding" was ignored as its type "<class 'torch.Tensor'>" is not handled by this wrapper.
INFO 2025-12-06 16:21:20 ot_train.py:351 step:13K smpl:104K ep:65 epch:1.30 loss:0.033 grdn:0.424 lr:6.2e-05 updt_s:0.145 data_s:0.014
WARNING 2025-12-06 16:21:20 db_utils.py:141 WandB logging of key "losses_after_forward" was ignored as its type "<class 'torch.Tensor'>" is not handled by this wrapper.
WARNING 2025-12-06 16:21:20 db_utils.py:141 WandB logging of key "losses_after_rm_padding" was ignored as its type "<class 'torch.Tensor'>" is not handled by this wrapper.
INFO 2025-12-06 16:21:52 ot_train.py:351 step:13K smpl:106K ep:66 epch:1.32 loss:0.031 grdn:0.406 lr:6.1e-05 updt_s:0.144 data_s:0.016
WARNING 2025-12-06 16:21:52 db_utils.py:141 WandB logging of key "losses_after_forward" was ignored as its type "<class 'torch.Tensor'>" is not handled by this wrapper.
WARNING 2025-12-06 16:21:52 db_utils.py:141 WandB logging of key "losses_after_rm_padding" was ignored as its type "<class 'torch.Tensor'>" is not handled by this wrapper.
INFO 2025-12-06 16:22:24 ot_train.py:351 step:13K smpl:107K ep:67 epch:1.34 loss:0.033 grdn:0.419 lr:6.0e-05 updt_s:0.145 data_s:0.013
WARNING 2025-12-06 16:22:24 db_utils.py:141 WandB logging of key "losses_after_forward" was ignored as its type "<class 'torch.Tensor'>" is not handled by this wrapper.
WARNING 2025-12-06 16:22:24 db_utils.py:141 WandB logging of key "losses_after_rm_padding" was ignored as its type "<class 'torch.Tensor'>" is not handled by this wrapper.
INFO 2025-12-06 16:22:56 ot_train.py:351 step:14K smpl:109K ep:68 epch:1.36 loss:0.031 grdn:0.410 lr:5.9e-05 updt_s:0.145 data_s:0.014
WARNING 2025-12-06 16:22:56 db_utils.py:141 WandB logging of key "losses_after_forward" was ignored as its type "<class 'torch.Tensor'>" is not handled by this wrapper.
WARNING 2025-12-06 16:22:56 db_utils.py:141 WandB logging of key "losses_after_rm_padding" was ignored as its type "<class 'torch.Tensor'>" is not handled by this wrapper.
INFO 2025-12-06 16:23:28 ot_train.py:351 step:14K smpl:110K ep:69 epch:1.38 loss:0.033 grdn:0.422 lr:5.8e-05 updt_s:0.146 data_s:0.015
WARNING 2025-12-06 16:23:28 db_utils.py:141 WandB logging of key "losses_after_forward" was ignored as its type "<class 'torch.Tensor'>" is not handled by this wrapper.
WARNING 2025-12-06 16:23:28 db_utils.py:141 WandB logging of key "losses_after_rm_padding" was ignored as its type "<class 'torch.Tensor'>" is not handled by this wrapper.
INFO 2025-12-06 16:24:00 ot_train.py:351 step:14K smpl:112K ep:70 epch:1.40 loss:0.030 grdn:0.399 lr:5.7e-05 updt_s:0.144 data_s:0.016
WARNING 2025-12-06 16:24:00 db_utils.py:141 WandB logging of key "losses_after_forward" was ignored as its type "<class 'torch.Tensor'>" is not handled by this wrapper.
WARNING 2025-12-06 16:24:00 db_utils.py:141 WandB logging of key "losses_after_rm_padding" was ignored as its type "<class 'torch.Tensor'>" is not handled by this wrapper.
INFO 2025-12-06 16:24:32 ot_train.py:351 step:14K smpl:114K ep:71 epch:1.42 loss:0.029 grdn:0.387 lr:5.6e-05 updt_s:0.145 data_s:0.014
WARNING 2025-12-06 16:24:32 db_utils.py:141 WandB logging of key "losses_after_forward" was ignored as its type "<class 'torch.Tensor'>" is not handled by this wrapper.
WARNING 2025-12-06 16:24:32 db_utils.py:141 WandB logging of key "losses_after_rm_padding" was ignored as its type "<class 'torch.Tensor'>" is not handled by this wrapper.
INFO 2025-12-06 16:25:05 ot_train.py:351 step:14K smpl:115K ep:72 epch:1.44 loss:0.031 grdn:0.412 lr:5.5e-05 updt_s:0.145 data_s:0.016
WARNING 2025-12-06 16:25:05 db_utils.py:141 WandB logging of key "losses_after_forward" was ignored as its type "<class 'torch.Tensor'>" is not handled by this wrapper.
WARNING 2025-12-06 16:25:05 db_utils.py:141 WandB logging of key "losses_after_rm_padding" was ignored as its type "<class 'torch.Tensor'>" is not handled by this wrapper.
INFO 2025-12-06 16:25:37 ot_train.py:351 step:15K smpl:117K ep:73 epch:1.46 loss:0.030 grdn:0.398 lr:5.4e-05 updt_s:0.146 data_s:0.014
WARNING 2025-12-06 16:25:37 db_utils.py:141 WandB logging of key "losses_after_forward" was ignored as its type "<class 'torch.Tensor'>" is not handled by this wrapper.
WARNING 2025-12-06 16:25:37 db_utils.py:141 WandB logging of key "losses_after_rm_padding" was ignored as its type "<class 'torch.Tensor'>" is not handled by this wrapper.
INFO 2025-12-06 16:26:09 ot_train.py:351 step:15K smpl:118K ep:74 epch:1.48 loss:0.030 grdn:0.404 lr:5.3e-05 updt_s:0.146 data_s:0.015
WARNING 2025-12-06 16:26:09 db_utils.py:141 WandB logging of key "losses_after_forward" was ignored as its type "<class 'torch.Tensor'>" is not handled by this wrapper.
WARNING 2025-12-06 16:26:09 db_utils.py:141 WandB logging of key "losses_after_rm_padding" was ignored as its type "<class 'torch.Tensor'>" is not handled by this wrapper.
INFO 2025-12-06 16:26:41 ot_train.py:351 step:15K smpl:120K ep:75 epch:1.50 loss:0.030 grdn:0.388 lr:5.2e-05 updt_s:0.146 data_s:0.014
WARNING 2025-12-06 16:26:41 db_utils.py:141 WandB logging of key "losses_after_forward" was ignored as its type "<class 'torch.Tensor'>" is not handled by this wrapper.
WARNING 2025-12-06 16:26:41 db_utils.py:141 WandB logging of key "losses_after_rm_padding" was ignored as its type "<class 'torch.Tensor'>" is not handled by this wrapper.
INFO 2025-12-06 16:27:14 ot_train.py:351 step:15K smpl:122K ep:76 epch:1.52 loss:0.029 grdn:0.381 lr:5.1e-05 updt_s:0.145 data_s:0.015
WARNING 2025-12-06 16:27:14 db_utils.py:141 WandB logging of key "losses_after_forward" was ignored as its type "<class 'torch.Tensor'>" is not handled by this wrapper.
WARNING 2025-12-06 16:27:14 db_utils.py:141 WandB logging of key "losses_after_rm_padding" was ignored as its type "<class 'torch.Tensor'>" is not handled by this wrapper.
INFO 2025-12-06 16:27:46 ot_train.py:351 step:15K smpl:123K ep:77 epch:1.55 loss:0.030 grdn:0.386 lr:5.0e-05 updt_s:0.146 data_s:0.014
WARNING 2025-12-06 16:27:46 db_utils.py:141 WandB logging of key "losses_after_forward" was ignored as its type "<class 'torch.Tensor'>" is not handled by this wrapper.
WARNING 2025-12-06 16:27:46 db_utils.py:141 WandB logging of key "losses_after_rm_padding" was ignored as its type "<class 'torch.Tensor'>" is not handled by this wrapper.
INFO 2025-12-06 16:28:18 ot_train.py:351 step:16K smpl:125K ep:78 epch:1.57 loss:0.030 grdn:0.400 lr:4.9e-05 updt_s:0.146 data_s:0.014
WARNING 2025-12-06 16:28:18 db_utils.py:141 WandB logging of key "losses_after_forward" was ignored as its type "<class 'torch.Tensor'>" is not handled by this wrapper.
WARNING 2025-12-06 16:28:18 db_utils.py:141 WandB logging of key "losses_after_rm_padding" was ignored as its type "<class 'torch.Tensor'>" is not handled by this wrapper.
INFO 2025-12-06 16:28:50 ot_train.py:351 step:16K smpl:126K ep:79 epch:1.59 loss:0.029 grdn:0.384 lr:4.8e-05 updt_s:0.144 data_s:0.016
WARNING 2025-12-06 16:28:50 db_utils.py:141 WandB logging of key "losses_after_forward" was ignored as its type "<class 'torch.Tensor'>" is not handled by this wrapper.
WARNING 2025-12-06 16:28:50 db_utils.py:141 WandB logging of key "losses_after_rm_padding" was ignored as its type "<class 'torch.Tensor'>" is not handled by this wrapper.
INFO 2025-12-06 16:29:23 ot_train.py:351 step:16K smpl:128K ep:80 epch:1.61 loss:0.030 grdn:0.392 lr:4.7e-05 updt_s:0.146 data_s:0.015
WARNING 2025-12-06 16:29:23 db_utils.py:141 WandB logging of key "losses_after_forward" was ignored as its type "<class 'torch.Tensor'>" is not handled by this wrapper.
WARNING 2025-12-06 16:29:23 db_utils.py:141 WandB logging of key "losses_after_rm_padding" was ignored as its type "<class 'torch.Tensor'>" is not handled by this wrapper.
INFO 2025-12-06 16:29:55 ot_train.py:351 step:16K smpl:130K ep:81 epch:1.63 loss:0.028 grdn:0.383 lr:4.6e-05 updt_s:0.145 data_s:0.014
WARNING 2025-12-06 16:29:55 db_utils.py:141 WandB logging of key "losses_after_forward" was ignored as its type "<class 'torch.Tensor'>" is not handled by this wrapper.
WARNING 2025-12-06 16:29:55 db_utils.py:141 WandB logging of key "losses_after_rm_padding" was ignored as its type "<class 'torch.Tensor'>" is not handled by this wrapper.
INFO 2025-12-06 16:30:27 ot_train.py:351 step:16K smpl:131K ep:82 epch:1.65 loss:0.029 grdn:0.381 lr:4.5e-05 updt_s:0.145 data_s:0.016
WARNING 2025-12-06 16:30:27 db_utils.py:141 WandB logging of key "losses_after_forward" was ignored as its type "<class 'torch.Tensor'>" is not handled by this wrapper.
WARNING 2025-12-06 16:30:27 db_utils.py:141 WandB logging of key "losses_after_rm_padding" was ignored as its type "<class 'torch.Tensor'>" is not handled by this wrapper.
INFO 2025-12-06 16:30:59 ot_train.py:351 step:17K smpl:133K ep:83 epch:1.67 loss:0.027 grdn:0.365 lr:4.4e-05 updt_s:0.146 data_s:0.014
WARNING 2025-12-06 16:30:59 db_utils.py:141 WandB logging of key "losses_after_forward" was ignored as its type "<class 'torch.Tensor'>" is not handled by this wrapper.
WARNING 2025-12-06 16:30:59 db_utils.py:141 WandB logging of key "losses_after_rm_padding" was ignored as its type "<class 'torch.Tensor'>" is not handled by this wrapper.
INFO 2025-12-06 16:31:31 ot_train.py:351 step:17K smpl:134K ep:84 epch:1.69 loss:0.029 grdn:0.384 lr:4.3e-05 updt_s:0.146 data_s:0.013
WARNING 2025-12-06 16:31:31 db_utils.py:141 WandB logging of key "losses_after_forward" was ignored as its type "<class 'torch.Tensor'>" is not handled by this wrapper.
WARNING 2025-12-06 16:31:31 db_utils.py:141 WandB logging of key "losses_after_rm_padding" was ignored as its type "<class 'torch.Tensor'>" is not handled by this wrapper.
INFO 2025-12-06 16:32:03 ot_train.py:351 step:17K smpl:136K ep:85 epch:1.71 loss:0.027 grdn:0.358 lr:4.2e-05 updt_s:0.146 data_s:0.012
WARNING 2025-12-06 16:32:03 db_utils.py:141 WandB logging of key "losses_after_forward" was ignored as its type "<class 'torch.Tensor'>" is not handled by this wrapper.
WARNING 2025-12-06 16:32:03 db_utils.py:141 WandB logging of key "losses_after_rm_padding" was ignored as its type "<class 'torch.Tensor'>" is not handled by this wrapper.
INFO 2025-12-06 16:32:36 ot_train.py:351 step:17K smpl:138K ep:86 epch:1.73 loss:0.028 grdn:0.387 lr:4.1e-05 updt_s:0.146 data_s:0.015
WARNING 2025-12-06 16:32:36 db_utils.py:141 WandB logging of key "losses_after_forward" was ignored as its type "<class 'torch.Tensor'>" is not handled by this wrapper.
WARNING 2025-12-06 16:32:36 db_utils.py:141 WandB logging of key "losses_after_rm_padding" was ignored as its type "<class 'torch.Tensor'>" is not handled by this wrapper.
INFO 2025-12-06 16:33:08 ot_train.py:351 step:17K smpl:139K ep:87 epch:1.75 loss:0.028 grdn:0.362 lr:4.0e-05 updt_s:0.147 data_s:0.013
WARNING 2025-12-06 16:33:08 db_utils.py:141 WandB logging of key "losses_after_forward" was ignored as its type "<class 'torch.Tensor'>" is not handled by this wrapper.
WARNING 2025-12-06 16:33:08 db_utils.py:141 WandB logging of key "losses_after_rm_padding" was ignored as its type "<class 'torch.Tensor'>" is not handled by this wrapper.
INFO 2025-12-06 16:33:40 ot_train.py:351 step:18K smpl:141K ep:88 epch:1.77 loss:0.027 grdn:0.370 lr:3.9e-05 updt_s:0.146 data_s:0.015
WARNING 2025-12-06 16:33:40 db_utils.py:141 WandB logging of key "losses_after_forward" was ignored as its type "<class 'torch.Tensor'>" is not handled by this wrapper.
WARNING 2025-12-06 16:33:40 db_utils.py:141 WandB logging of key "losses_after_rm_padding" was ignored as its type "<class 'torch.Tensor'>" is not handled by this wrapper.
INFO 2025-12-06 16:34:13 ot_train.py:351 step:18K smpl:142K ep:89 epch:1.79 loss:0.027 grdn:0.362 lr:3.8e-05 updt_s:0.147 data_s:0.014
WARNING 2025-12-06 16:34:13 db_utils.py:141 WandB logging of key "losses_after_forward" was ignored as its type "<class 'torch.Tensor'>" is not handled by this wrapper.
WARNING 2025-12-06 16:34:13 db_utils.py:141 WandB logging of key "losses_after_rm_padding" was ignored as its type "<class 'torch.Tensor'>" is not handled by this wrapper.
INFO 2025-12-06 16:34:45 ot_train.py:351 step:18K smpl:144K ep:90 epch:1.81 loss:0.026 grdn:0.354 lr:3.7e-05 updt_s:0.146 data_s:0.014
WARNING 2025-12-06 16:34:45 db_utils.py:141 WandB logging of key "losses_after_forward" was ignored as its type "<class 'torch.Tensor'>" is not handled by this wrapper.
WARNING 2025-12-06 16:34:45 db_utils.py:141 WandB logging of key "losses_after_rm_padding" was ignored as its type "<class 'torch.Tensor'>" is not handled by this wrapper.
INFO 2025-12-06 16:35:17 ot_train.py:351 step:18K smpl:146K ep:91 epch:1.83 loss:0.028 grdn:0.365 lr:3.6e-05 updt_s:0.145 data_s:0.014
WARNING 2025-12-06 16:35:17 db_utils.py:141 WandB logging of key "losses_after_forward" was ignored as its type "<class 'torch.Tensor'>" is not handled by this wrapper.
WARNING 2025-12-06 16:35:17 db_utils.py:141 WandB logging of key "losses_after_rm_padding" was ignored as its type "<class 'torch.Tensor'>" is not handled by this wrapper.
INFO 2025-12-06 16:35:49 ot_train.py:351 step:18K smpl:147K ep:92 epch:1.85 loss:0.028 grdn:0.372 lr:3.5e-05 updt_s:0.147 data_s:0.013
WARNING 2025-12-06 16:35:49 db_utils.py:141 WandB logging of key "losses_after_forward" was ignored as its type "<class 'torch.Tensor'>" is not handled by this wrapper.
WARNING 2025-12-06 16:35:49 db_utils.py:141 WandB logging of key "losses_after_rm_padding" was ignored as its type "<class 'torch.Tensor'>" is not handled by this wrapper.
INFO 2025-12-06 16:36:21 ot_train.py:351 step:19K smpl:149K ep:93 epch:1.87 loss:0.028 grdn:0.368 lr:3.4e-05 updt_s:0.146 data_s:0.012
WARNING 2025-12-06 16:36:21 db_utils.py:141 WandB logging of key "losses_after_forward" was ignored as its type "<class 'torch.Tensor'>" is not handled by this wrapper.
WARNING 2025-12-06 16:36:21 db_utils.py:141 WandB logging of key "losses_after_rm_padding" was ignored as its type "<class 'torch.Tensor'>" is not handled by this wrapper.
INFO 2025-12-06 16:36:53 ot_train.py:351 step:19K smpl:150K ep:94 epch:1.89 loss:0.027 grdn:0.348 lr:3.3e-05 updt_s:0.146 data_s:0.015
WARNING 2025-12-06 16:36:53 db_utils.py:141 WandB logging of key "losses_after_forward" was ignored as its type "<class 'torch.Tensor'>" is not handled by this wrapper.
WARNING 2025-12-06 16:36:53 db_utils.py:141 WandB logging of key "losses_after_rm_padding" was ignored as its type "<class 'torch.Tensor'>" is not handled by this wrapper.
INFO 2025-12-06 16:37:25 ot_train.py:351 step:19K smpl:152K ep:95 epch:1.91 loss:0.025 grdn:0.335 lr:3.2e-05 updt_s:0.145 data_s:0.014
WARNING 2025-12-06 16:37:25 db_utils.py:141 WandB logging of key "losses_after_forward" was ignored as its type "<class 'torch.Tensor'>" is not handled by this wrapper.
WARNING 2025-12-06 16:37:25 db_utils.py:141 WandB logging of key "losses_after_rm_padding" was ignored as its type "<class 'torch.Tensor'>" is not handled by this wrapper.
INFO 2025-12-06 16:37:57 ot_train.py:351 step:19K smpl:154K ep:96 epch:1.93 loss:0.026 grdn:0.348 lr:3.1e-05 updt_s:0.146 data_s:0.014
WARNING 2025-12-06 16:37:57 db_utils.py:141 WandB logging of key "losses_after_forward" was ignored as its type "<class 'torch.Tensor'>" is not handled by this wrapper.
WARNING 2025-12-06 16:37:57 db_utils.py:141 WandB logging of key "losses_after_rm_padding" was ignored as its type "<class 'torch.Tensor'>" is not handled by this wrapper.
INFO 2025-12-06 16:38:29 ot_train.py:351 step:19K smpl:155K ep:97 epch:1.95 loss:0.026 grdn:0.356 lr:3.0e-05 updt_s:0.145 data_s:0.014
WARNING 2025-12-06 16:38:29 db_utils.py:141 WandB logging of key "losses_after_forward" was ignored as its type "<class 'torch.Tensor'>" is not handled by this wrapper.
WARNING 2025-12-06 16:38:29 db_utils.py:141 WandB logging of key "losses_after_rm_padding" was ignored as its type "<class 'torch.Tensor'>" is not handled by this wrapper.
INFO 2025-12-06 16:39:01 ot_train.py:351 step:20K smpl:157K ep:98 epch:1.97 loss:0.026 grdn:0.342 lr:2.9e-05 updt_s:0.147 data_s:0.011
WARNING 2025-12-06 16:39:01 db_utils.py:141 WandB logging of key "losses_after_forward" was ignored as its type "<class 'torch.Tensor'>" is not handled by this wrapper.
WARNING 2025-12-06 16:39:01 db_utils.py:141 WandB logging of key "losses_after_rm_padding" was ignored as its type "<class 'torch.Tensor'>" is not handled by this wrapper.
INFO 2025-12-06 16:39:33 ot_train.py:351 step:20K smpl:158K ep:99 epch:1.99 loss:0.026 grdn:0.350 lr:2.8e-05 updt_s:0.145 data_s:0.014
WARNING 2025-12-06 16:39:33 db_utils.py:141 WandB logging of key "losses_after_forward" was ignored as its type "<class 'torch.Tensor'>" is not handled by this wrapper.
WARNING 2025-12-06 16:39:33 db_utils.py:141 WandB logging of key "losses_after_rm_padding" was ignored as its type "<class 'torch.Tensor'>" is not handled by this wrapper.
huggingface/tokenizers: The current process just got forked, after parallelism has already been used. Disabling parallelism to avoid deadlocks...
To disable this warning, you can either:
	- Avoid using `tokenizers` before the fork if possible
	- Explicitly set the environment variable TOKENIZERS_PARALLELISM=(true | false)
huggingface/tokenizers: The current process just got forked, after parallelism has already been used. Disabling parallelism to avoid deadlocks...
To disable this warning, you can either:
	- Avoid using `tokenizers` before the fork if possible
	- Explicitly set the environment variable TOKENIZERS_PARALLELISM=(true | false)
huggingface/tokenizers: The current process just got forked, after parallelism has already been used. Disabling parallelism to avoid deadlocks...
To disable this warning, you can either:
	- Avoid using `tokenizers` before the fork if possible
	- Explicitly set the environment variable TOKENIZERS_PARALLELISM=(true | false)
huggingface/tokenizers: The current process just got forked, after parallelism has already been used. Disabling parallelism to avoid deadlocks...
To disable this warning, you can either:
	- Avoid using `tokenizers` before the fork if possible
	- Explicitly set the environment variable TOKENIZERS_PARALLELISM=(true | false)
/opt/venv/lib/python3.12/site-packages/torchvision/io/_video_deprecation_warning.py:5: UserWarning: The video decoding and encoding capabilities of torchvision are deprecated from version 0.22 and will be removed in version 0.24. We recommend that you migrate to TorchCodec, where we'll consolidate the future decoding/encoding capabilities of PyTorch: https://github.com/pytorch/torchcodec
  warnings.warn(
/opt/venv/lib/python3.12/site-packages/torchvision/io/_video_deprecation_warning.py:5: UserWarning: The video decoding and encoding capabilities of torchvision are deprecated from version 0.22 and will be removed in version 0.24. We recommend that you migrate to TorchCodec, where we'll consolidate the future decoding/encoding capabilities of PyTorch: https://github.com/pytorch/torchcodec
  warnings.warn(
/opt/venv/lib/python3.12/site-packages/torchvision/io/_video_deprecation_warning.py:5: UserWarning: The video decoding and encoding capabilities of torchvision are deprecated from version 0.22 and will be removed in version 0.24. We recommend that you migrate to TorchCodec, where we'll consolidate the future decoding/encoding capabilities of PyTorch: https://github.com/pytorch/torchcodec
  warnings.warn(
/opt/venv/lib/python3.12/site-packages/torchvision/io/_video_deprecation_warning.py:5: UserWarning: The video decoding and encoding capabilities of torchvision are deprecated from version 0.22 and will be removed in version 0.24. We recommend that you migrate to TorchCodec, where we'll consolidate the future decoding/encoding capabilities of PyTorch: https://github.com/pytorch/torchcodec
  warnings.warn(
INFO 2025-12-06 16:40:07 ot_train.py:351 step:20K smpl:160K ep:100 epch:2.01 loss:0.025 grdn:0.338 lr:2.7e-05 updt_s:0.144 data_s:0.025
WARNING 2025-12-06 16:40:07 db_utils.py:141 WandB logging of key "losses_after_forward" was ignored as its type "<class 'torch.Tensor'>" is not handled by this wrapper.
WARNING 2025-12-06 16:40:07 db_utils.py:141 WandB logging of key "losses_after_rm_padding" was ignored as its type "<class 'torch.Tensor'>" is not handled by this wrapper.
INFO 2025-12-06 16:40:07 ot_train.py:361 Checkpoint policy after step 20000
INFO 2025-12-06 16:40:41 ot_train.py:351 step:20K smpl:162K ep:101 epch:2.03 loss:0.025 grdn:0.327 lr:2.6e-05 updt_s:0.146 data_s:0.005
WARNING 2025-12-06 16:40:41 db_utils.py:141 WandB logging of key "losses_after_forward" was ignored as its type "<class 'torch.Tensor'>" is not handled by this wrapper.
WARNING 2025-12-06 16:40:41 db_utils.py:141 WandB logging of key "losses_after_rm_padding" was ignored as its type "<class 'torch.Tensor'>" is not handled by this wrapper.
INFO 2025-12-06 16:41:12 ot_train.py:351 step:20K smpl:163K ep:102 epch:2.05 loss:0.025 grdn:0.340 lr:2.6e-05 updt_s:0.146 data_s:0.006
WARNING 2025-12-06 16:41:12 db_utils.py:141 WandB logging of key "losses_after_forward" was ignored as its type "<class 'torch.Tensor'>" is not handled by this wrapper.
WARNING 2025-12-06 16:41:12 db_utils.py:141 WandB logging of key "losses_after_rm_padding" was ignored as its type "<class 'torch.Tensor'>" is not handled by this wrapper.
INFO 2025-12-06 16:41:43 ot_train.py:351 step:21K smpl:165K ep:103 epch:2.07 loss:0.025 grdn:0.327 lr:2.5e-05 updt_s:0.147 data_s:0.009
WARNING 2025-12-06 16:41:43 db_utils.py:141 WandB logging of key "losses_after_forward" was ignored as its type "<class 'torch.Tensor'>" is not handled by this wrapper.
WARNING 2025-12-06 16:41:43 db_utils.py:141 WandB logging of key "losses_after_rm_padding" was ignored as its type "<class 'torch.Tensor'>" is not handled by this wrapper.
INFO 2025-12-06 16:42:14 ot_train.py:351 step:21K smpl:166K ep:104 epch:2.09 loss:0.025 grdn:0.339 lr:2.4e-05 updt_s:0.146 data_s:0.007
WARNING 2025-12-06 16:42:14 db_utils.py:141 WandB logging of key "losses_after_forward" was ignored as its type "<class 'torch.Tensor'>" is not handled by this wrapper.
WARNING 2025-12-06 16:42:14 db_utils.py:141 WandB logging of key "losses_after_rm_padding" was ignored as its type "<class 'torch.Tensor'>" is not handled by this wrapper.
INFO 2025-12-06 16:42:45 ot_train.py:351 step:21K smpl:168K ep:105 epch:2.11 loss:0.025 grdn:0.339 lr:2.3e-05 updt_s:0.147 data_s:0.006
WARNING 2025-12-06 16:42:45 db_utils.py:141 WandB logging of key "losses_after_forward" was ignored as its type "<class 'torch.Tensor'>" is not handled by this wrapper.
WARNING 2025-12-06 16:42:45 db_utils.py:141 WandB logging of key "losses_after_rm_padding" was ignored as its type "<class 'torch.Tensor'>" is not handled by this wrapper.
INFO 2025-12-06 16:43:16 ot_train.py:351 step:21K smpl:170K ep:106 epch:2.13 loss:0.024 grdn:0.323 lr:2.2e-05 updt_s:0.147 data_s:0.008
WARNING 2025-12-06 16:43:16 db_utils.py:141 WandB logging of key "losses_after_forward" was ignored as its type "<class 'torch.Tensor'>" is not handled by this wrapper.
WARNING 2025-12-06 16:43:16 db_utils.py:141 WandB logging of key "losses_after_rm_padding" was ignored as its type "<class 'torch.Tensor'>" is not handled by this wrapper.
INFO 2025-12-06 16:43:47 ot_train.py:351 step:21K smpl:171K ep:107 epch:2.15 loss:0.024 grdn:0.324 lr:2.1e-05 updt_s:0.147 data_s:0.006
WARNING 2025-12-06 16:43:47 db_utils.py:141 WandB logging of key "losses_after_forward" was ignored as its type "<class 'torch.Tensor'>" is not handled by this wrapper.
WARNING 2025-12-06 16:43:47 db_utils.py:141 WandB logging of key "losses_after_rm_padding" was ignored as its type "<class 'torch.Tensor'>" is not handled by this wrapper.
INFO 2025-12-06 16:44:18 ot_train.py:351 step:22K smpl:173K ep:108 epch:2.17 loss:0.023 grdn:0.313 lr:2.1e-05 updt_s:0.146 data_s:0.007
WARNING 2025-12-06 16:44:18 db_utils.py:141 WandB logging of key "losses_after_forward" was ignored as its type "<class 'torch.Tensor'>" is not handled by this wrapper.
WARNING 2025-12-06 16:44:18 db_utils.py:141 WandB logging of key "losses_after_rm_padding" was ignored as its type "<class 'torch.Tensor'>" is not handled by this wrapper.
INFO 2025-12-06 16:44:48 ot_train.py:351 step:22K smpl:174K ep:109 epch:2.19 loss:0.024 grdn:0.324 lr:2.0e-05 updt_s:0.146 data_s:0.006
WARNING 2025-12-06 16:44:48 db_utils.py:141 WandB logging of key "losses_after_forward" was ignored as its type "<class 'torch.Tensor'>" is not handled by this wrapper.
WARNING 2025-12-06 16:44:48 db_utils.py:141 WandB logging of key "losses_after_rm_padding" was ignored as its type "<class 'torch.Tensor'>" is not handled by this wrapper.
INFO 2025-12-06 16:45:19 ot_train.py:351 step:22K smpl:176K ep:110 epch:2.21 loss:0.025 grdn:0.337 lr:1.9e-05 updt_s:0.145 data_s:0.009
WARNING 2025-12-06 16:45:19 db_utils.py:141 WandB logging of key "losses_after_forward" was ignored as its type "<class 'torch.Tensor'>" is not handled by this wrapper.
WARNING 2025-12-06 16:45:19 db_utils.py:141 WandB logging of key "losses_after_rm_padding" was ignored as its type "<class 'torch.Tensor'>" is not handled by this wrapper.
INFO 2025-12-06 16:45:50 ot_train.py:351 step:22K smpl:178K ep:111 epch:2.23 loss:0.025 grdn:0.324 lr:1.8e-05 updt_s:0.146 data_s:0.008
WARNING 2025-12-06 16:45:50 db_utils.py:141 WandB logging of key "losses_after_forward" was ignored as its type "<class 'torch.Tensor'>" is not handled by this wrapper.
WARNING 2025-12-06 16:45:50 db_utils.py:141 WandB logging of key "losses_after_rm_padding" was ignored as its type "<class 'torch.Tensor'>" is not handled by this wrapper.
INFO 2025-12-06 16:46:22 ot_train.py:351 step:22K smpl:179K ep:112 epch:2.25 loss:0.024 grdn:0.322 lr:1.8e-05 updt_s:0.148 data_s:0.008
WARNING 2025-12-06 16:46:22 db_utils.py:141 WandB logging of key "losses_after_forward" was ignored as its type "<class 'torch.Tensor'>" is not handled by this wrapper.
WARNING 2025-12-06 16:46:22 db_utils.py:141 WandB logging of key "losses_after_rm_padding" was ignored as its type "<class 'torch.Tensor'>" is not handled by this wrapper.
INFO 2025-12-06 16:46:53 ot_train.py:351 step:23K smpl:181K ep:113 epch:2.27 loss:0.024 grdn:0.317 lr:1.7e-05 updt_s:0.147 data_s:0.010
WARNING 2025-12-06 16:46:53 db_utils.py:141 WandB logging of key "losses_after_forward" was ignored as its type "<class 'torch.Tensor'>" is not handled by this wrapper.
WARNING 2025-12-06 16:46:53 db_utils.py:141 WandB logging of key "losses_after_rm_padding" was ignored as its type "<class 'torch.Tensor'>" is not handled by this wrapper.
INFO 2025-12-06 16:47:25 ot_train.py:351 step:23K smpl:182K ep:114 epch:2.29 loss:0.025 grdn:0.334 lr:1.6e-05 updt_s:0.146 data_s:0.010
WARNING 2025-12-06 16:47:25 db_utils.py:141 WandB logging of key "losses_after_forward" was ignored as its type "<class 'torch.Tensor'>" is not handled by this wrapper.
WARNING 2025-12-06 16:47:25 db_utils.py:141 WandB logging of key "losses_after_rm_padding" was ignored as its type "<class 'torch.Tensor'>" is not handled by this wrapper.
INFO 2025-12-06 16:47:56 ot_train.py:351 step:23K smpl:184K ep:115 epch:2.31 loss:0.023 grdn:0.318 lr:1.5e-05 updt_s:0.147 data_s:0.009
WARNING 2025-12-06 16:47:56 db_utils.py:141 WandB logging of key "losses_after_forward" was ignored as its type "<class 'torch.Tensor'>" is not handled by this wrapper.
WARNING 2025-12-06 16:47:56 db_utils.py:141 WandB logging of key "losses_after_rm_padding" was ignored as its type "<class 'torch.Tensor'>" is not handled by this wrapper.
INFO 2025-12-06 16:48:27 ot_train.py:351 step:23K smpl:186K ep:116 epch:2.33 loss:0.024 grdn:0.318 lr:1.5e-05 updt_s:0.147 data_s:0.008
WARNING 2025-12-06 16:48:27 db_utils.py:141 WandB logging of key "losses_after_forward" was ignored as its type "<class 'torch.Tensor'>" is not handled by this wrapper.
WARNING 2025-12-06 16:48:27 db_utils.py:141 WandB logging of key "losses_after_rm_padding" was ignored as its type "<class 'torch.Tensor'>" is not handled by this wrapper.
INFO 2025-12-06 16:48:58 ot_train.py:351 step:23K smpl:187K ep:117 epch:2.35 loss:0.023 grdn:0.302 lr:1.4e-05 updt_s:0.146 data_s:0.008
WARNING 2025-12-06 16:48:58 db_utils.py:141 WandB logging of key "losses_after_forward" was ignored as its type "<class 'torch.Tensor'>" is not handled by this wrapper.
WARNING 2025-12-06 16:48:58 db_utils.py:141 WandB logging of key "losses_after_rm_padding" was ignored as its type "<class 'torch.Tensor'>" is not handled by this wrapper.
INFO 2025-12-06 16:49:29 ot_train.py:351 step:24K smpl:189K ep:118 epch:2.37 loss:0.024 grdn:0.315 lr:1.3e-05 updt_s:0.147 data_s:0.008
WARNING 2025-12-06 16:49:29 db_utils.py:141 WandB logging of key "losses_after_forward" was ignored as its type "<class 'torch.Tensor'>" is not handled by this wrapper.
WARNING 2025-12-06 16:49:29 db_utils.py:141 WandB logging of key "losses_after_rm_padding" was ignored as its type "<class 'torch.Tensor'>" is not handled by this wrapper.
INFO 2025-12-06 16:50:00 ot_train.py:351 step:24K smpl:190K ep:119 epch:2.39 loss:0.024 grdn:0.310 lr:1.3e-05 updt_s:0.146 data_s:0.006
WARNING 2025-12-06 16:50:00 db_utils.py:141 WandB logging of key "losses_after_forward" was ignored as its type "<class 'torch.Tensor'>" is not handled by this wrapper.
WARNING 2025-12-06 16:50:00 db_utils.py:141 WandB logging of key "losses_after_rm_padding" was ignored as its type "<class 'torch.Tensor'>" is not handled by this wrapper.
INFO 2025-12-06 16:50:31 ot_train.py:351 step:24K smpl:192K ep:120 epch:2.41 loss:0.023 grdn:0.305 lr:1.2e-05 updt_s:0.147 data_s:0.008
WARNING 2025-12-06 16:50:31 db_utils.py:141 WandB logging of key "losses_after_forward" was ignored as its type "<class 'torch.Tensor'>" is not handled by this wrapper.
WARNING 2025-12-06 16:50:31 db_utils.py:141 WandB logging of key "losses_after_rm_padding" was ignored as its type "<class 'torch.Tensor'>" is not handled by this wrapper.
INFO 2025-12-06 16:51:02 ot_train.py:351 step:24K smpl:194K ep:121 epch:2.43 loss:0.024 grdn:0.312 lr:1.2e-05 updt_s:0.147 data_s:0.007
WARNING 2025-12-06 16:51:02 db_utils.py:141 WandB logging of key "losses_after_forward" was ignored as its type "<class 'torch.Tensor'>" is not handled by this wrapper.
WARNING 2025-12-06 16:51:02 db_utils.py:141 WandB logging of key "losses_after_rm_padding" was ignored as its type "<class 'torch.Tensor'>" is not handled by this wrapper.
INFO 2025-12-06 16:51:34 ot_train.py:351 step:24K smpl:195K ep:122 epch:2.45 loss:0.025 grdn:0.330 lr:1.1e-05 updt_s:0.146 data_s:0.010
WARNING 2025-12-06 16:51:34 db_utils.py:141 WandB logging of key "losses_after_forward" was ignored as its type "<class 'torch.Tensor'>" is not handled by this wrapper.
WARNING 2025-12-06 16:51:34 db_utils.py:141 WandB logging of key "losses_after_rm_padding" was ignored as its type "<class 'torch.Tensor'>" is not handled by this wrapper.
INFO 2025-12-06 16:52:05 ot_train.py:351 step:25K smpl:197K ep:123 epch:2.47 loss:0.023 grdn:0.306 lr:1.0e-05 updt_s:0.146 data_s:0.010
WARNING 2025-12-06 16:52:05 db_utils.py:141 WandB logging of key "losses_after_forward" was ignored as its type "<class 'torch.Tensor'>" is not handled by this wrapper.
WARNING 2025-12-06 16:52:05 db_utils.py:141 WandB logging of key "losses_after_rm_padding" was ignored as its type "<class 'torch.Tensor'>" is not handled by this wrapper.
INFO 2025-12-06 16:52:37 ot_train.py:351 step:25K smpl:198K ep:124 epch:2.49 loss:0.024 grdn:0.317 lr:9.8e-06 updt_s:0.146 data_s:0.011
WARNING 2025-12-06 16:52:37 db_utils.py:141 WandB logging of key "losses_after_forward" was ignored as its type "<class 'torch.Tensor'>" is not handled by this wrapper.
WARNING 2025-12-06 16:52:37 db_utils.py:141 WandB logging of key "losses_after_rm_padding" was ignored as its type "<class 'torch.Tensor'>" is not handled by this wrapper.
INFO 2025-12-06 16:53:09 ot_train.py:351 step:25K smpl:200K ep:125 epch:2.51 loss:0.024 grdn:0.315 lr:9.3e-06 updt_s:0.147 data_s:0.014
WARNING 2025-12-06 16:53:09 db_utils.py:141 WandB logging of key "losses_after_forward" was ignored as its type "<class 'torch.Tensor'>" is not handled by this wrapper.
WARNING 2025-12-06 16:53:09 db_utils.py:141 WandB logging of key "losses_after_rm_padding" was ignored as its type "<class 'torch.Tensor'>" is not handled by this wrapper.
INFO 2025-12-06 16:53:41 ot_train.py:351 step:25K smpl:202K ep:126 epch:2.53 loss:0.022 grdn:0.300 lr:8.8e-06 updt_s:0.146 data_s:0.012
WARNING 2025-12-06 16:53:41 db_utils.py:141 WandB logging of key "losses_after_forward" was ignored as its type "<class 'torch.Tensor'>" is not handled by this wrapper.
WARNING 2025-12-06 16:53:41 db_utils.py:141 WandB logging of key "losses_after_rm_padding" was ignored as its type "<class 'torch.Tensor'>" is not handled by this wrapper.
INFO 2025-12-06 16:54:12 ot_train.py:351 step:25K smpl:203K ep:127 epch:2.55 loss:0.023 grdn:0.307 lr:8.3e-06 updt_s:0.146 data_s:0.009
WARNING 2025-12-06 16:54:12 db_utils.py:141 WandB logging of key "losses_after_forward" was ignored as its type "<class 'torch.Tensor'>" is not handled by this wrapper.
WARNING 2025-12-06 16:54:12 db_utils.py:141 WandB logging of key "losses_after_rm_padding" was ignored as its type "<class 'torch.Tensor'>" is not handled by this wrapper.
INFO 2025-12-06 16:54:43 ot_train.py:351 step:26K smpl:205K ep:128 epch:2.57 loss:0.023 grdn:0.308 lr:7.8e-06 updt_s:0.146 data_s:0.008
WARNING 2025-12-06 16:54:43 db_utils.py:141 WandB logging of key "losses_after_forward" was ignored as its type "<class 'torch.Tensor'>" is not handled by this wrapper.
WARNING 2025-12-06 16:54:43 db_utils.py:141 WandB logging of key "losses_after_rm_padding" was ignored as its type "<class 'torch.Tensor'>" is not handled by this wrapper.
INFO 2025-12-06 16:55:14 ot_train.py:351 step:26K smpl:206K ep:129 epch:2.59 loss:0.024 grdn:0.317 lr:7.4e-06 updt_s:0.145 data_s:0.010
WARNING 2025-12-06 16:55:14 db_utils.py:141 WandB logging of key "losses_after_forward" was ignored as its type "<class 'torch.Tensor'>" is not handled by this wrapper.
WARNING 2025-12-06 16:55:14 db_utils.py:141 WandB logging of key "losses_after_rm_padding" was ignored as its type "<class 'torch.Tensor'>" is not handled by this wrapper.
INFO 2025-12-06 16:55:46 ot_train.py:351 step:26K smpl:208K ep:130 epch:2.61 loss:0.023 grdn:0.298 lr:6.9e-06 updt_s:0.146 data_s:0.009
WARNING 2025-12-06 16:55:46 db_utils.py:141 WandB logging of key "losses_after_forward" was ignored as its type "<class 'torch.Tensor'>" is not handled by this wrapper.
WARNING 2025-12-06 16:55:46 db_utils.py:141 WandB logging of key "losses_after_rm_padding" was ignored as its type "<class 'torch.Tensor'>" is not handled by this wrapper.
INFO 2025-12-06 16:56:17 ot_train.py:351 step:26K smpl:210K ep:131 epch:2.63 loss:0.023 grdn:0.313 lr:6.5e-06 updt_s:0.146 data_s:0.008
WARNING 2025-12-06 16:56:17 db_utils.py:141 WandB logging of key "losses_after_forward" was ignored as its type "<class 'torch.Tensor'>" is not handled by this wrapper.
WARNING 2025-12-06 16:56:17 db_utils.py:141 WandB logging of key "losses_after_rm_padding" was ignored as its type "<class 'torch.Tensor'>" is not handled by this wrapper.
INFO 2025-12-06 16:56:48 ot_train.py:351 step:26K smpl:211K ep:132 epch:2.65 loss:0.023 grdn:0.300 lr:6.1e-06 updt_s:0.145 data_s:0.010
WARNING 2025-12-06 16:56:48 db_utils.py:141 WandB logging of key "losses_after_forward" was ignored as its type "<class 'torch.Tensor'>" is not handled by this wrapper.
WARNING 2025-12-06 16:56:48 db_utils.py:141 WandB logging of key "losses_after_rm_padding" was ignored as its type "<class 'torch.Tensor'>" is not handled by this wrapper.
INFO 2025-12-06 16:57:19 ot_train.py:351 step:27K smpl:213K ep:133 epch:2.67 loss:0.022 grdn:0.303 lr:5.7e-06 updt_s:0.146 data_s:0.008
WARNING 2025-12-06 16:57:19 db_utils.py:141 WandB logging of key "losses_after_forward" was ignored as its type "<class 'torch.Tensor'>" is not handled by this wrapper.
WARNING 2025-12-06 16:57:19 db_utils.py:141 WandB logging of key "losses_after_rm_padding" was ignored as its type "<class 'torch.Tensor'>" is not handled by this wrapper.
INFO 2025-12-06 16:57:50 ot_train.py:351 step:27K smpl:214K ep:134 epch:2.69 loss:0.022 grdn:0.301 lr:5.4e-06 updt_s:0.145 data_s:0.010
WARNING 2025-12-06 16:57:50 db_utils.py:141 WandB logging of key "losses_after_forward" was ignored as its type "<class 'torch.Tensor'>" is not handled by this wrapper.
WARNING 2025-12-06 16:57:50 db_utils.py:141 WandB logging of key "losses_after_rm_padding" was ignored as its type "<class 'torch.Tensor'>" is not handled by this wrapper.
INFO 2025-12-06 16:58:21 ot_train.py:351 step:27K smpl:216K ep:135 epch:2.71 loss:0.023 grdn:0.295 lr:5.0e-06 updt_s:0.145 data_s:0.009
WARNING 2025-12-06 16:58:21 db_utils.py:141 WandB logging of key "losses_after_forward" was ignored as its type "<class 'torch.Tensor'>" is not handled by this wrapper.
WARNING 2025-12-06 16:58:21 db_utils.py:141 WandB logging of key "losses_after_rm_padding" was ignored as its type "<class 'torch.Tensor'>" is not handled by this wrapper.
INFO 2025-12-06 16:58:52 ot_train.py:351 step:27K smpl:218K ep:136 epch:2.73 loss:0.022 grdn:0.296 lr:4.7e-06 updt_s:0.145 data_s:0.009
WARNING 2025-12-06 16:58:52 db_utils.py:141 WandB logging of key "losses_after_forward" was ignored as its type "<class 'torch.Tensor'>" is not handled by this wrapper.
WARNING 2025-12-06 16:58:52 db_utils.py:141 WandB logging of key "losses_after_rm_padding" was ignored as its type "<class 'torch.Tensor'>" is not handled by this wrapper.
INFO 2025-12-06 16:59:23 ot_train.py:351 step:27K smpl:219K ep:137 epch:2.75 loss:0.023 grdn:0.298 lr:4.4e-06 updt_s:0.146 data_s:0.008
WARNING 2025-12-06 16:59:23 db_utils.py:141 WandB logging of key "losses_after_forward" was ignored as its type "<class 'torch.Tensor'>" is not handled by this wrapper.
WARNING 2025-12-06 16:59:23 db_utils.py:141 WandB logging of key "losses_after_rm_padding" was ignored as its type "<class 'torch.Tensor'>" is not handled by this wrapper.
INFO 2025-12-06 16:59:54 ot_train.py:351 step:28K smpl:221K ep:138 epch:2.77 loss:0.022 grdn:0.289 lr:4.2e-06 updt_s:0.145 data_s:0.010
WARNING 2025-12-06 16:59:54 db_utils.py:141 WandB logging of key "losses_after_forward" was ignored as its type "<class 'torch.Tensor'>" is not handled by this wrapper.
WARNING 2025-12-06 16:59:54 db_utils.py:141 WandB logging of key "losses_after_rm_padding" was ignored as its type "<class 'torch.Tensor'>" is not handled by this wrapper.
INFO 2025-12-06 17:00:25 ot_train.py:351 step:28K smpl:222K ep:139 epch:2.79 loss:0.023 grdn:0.309 lr:3.9e-06 updt_s:0.148 data_s:0.005
WARNING 2025-12-06 17:00:25 db_utils.py:141 WandB logging of key "losses_after_forward" was ignored as its type "<class 'torch.Tensor'>" is not handled by this wrapper.
WARNING 2025-12-06 17:00:25 db_utils.py:141 WandB logging of key "losses_after_rm_padding" was ignored as its type "<class 'torch.Tensor'>" is not handled by this wrapper.
INFO 2025-12-06 17:00:56 ot_train.py:351 step:28K smpl:224K ep:140 epch:2.81 loss:0.023 grdn:0.298 lr:3.7e-06 updt_s:0.146 data_s:0.008
WARNING 2025-12-06 17:00:56 db_utils.py:141 WandB logging of key "losses_after_forward" was ignored as its type "<class 'torch.Tensor'>" is not handled by this wrapper.
WARNING 2025-12-06 17:00:56 db_utils.py:141 WandB logging of key "losses_after_rm_padding" was ignored as its type "<class 'torch.Tensor'>" is not handled by this wrapper.
INFO 2025-12-06 17:01:27 ot_train.py:351 step:28K smpl:226K ep:141 epch:2.83 loss:0.022 grdn:0.289 lr:3.5e-06 updt_s:0.148 data_s:0.009
WARNING 2025-12-06 17:01:27 db_utils.py:141 WandB logging of key "losses_after_forward" was ignored as its type "<class 'torch.Tensor'>" is not handled by this wrapper.
WARNING 2025-12-06 17:01:27 db_utils.py:141 WandB logging of key "losses_after_rm_padding" was ignored as its type "<class 'torch.Tensor'>" is not handled by this wrapper.
INFO 2025-12-06 17:01:58 ot_train.py:351 step:28K smpl:227K ep:142 epch:2.85 loss:0.025 grdn:0.327 lr:3.3e-06 updt_s:0.145 data_s:0.008
WARNING 2025-12-06 17:01:58 db_utils.py:141 WandB logging of key "losses_after_forward" was ignored as its type "<class 'torch.Tensor'>" is not handled by this wrapper.
WARNING 2025-12-06 17:01:58 db_utils.py:141 WandB logging of key "losses_after_rm_padding" was ignored as its type "<class 'torch.Tensor'>" is not handled by this wrapper.
INFO 2025-12-06 17:02:29 ot_train.py:351 step:29K smpl:229K ep:143 epch:2.87 loss:0.024 grdn:0.316 lr:3.1e-06 updt_s:0.146 data_s:0.008
WARNING 2025-12-06 17:02:29 db_utils.py:141 WandB logging of key "losses_after_forward" was ignored as its type "<class 'torch.Tensor'>" is not handled by this wrapper.
WARNING 2025-12-06 17:02:29 db_utils.py:141 WandB logging of key "losses_after_rm_padding" was ignored as its type "<class 'torch.Tensor'>" is not handled by this wrapper.
INFO 2025-12-06 17:03:00 ot_train.py:351 step:29K smpl:230K ep:144 epch:2.89 loss:0.022 grdn:0.292 lr:3.0e-06 updt_s:0.145 data_s:0.008
WARNING 2025-12-06 17:03:00 db_utils.py:141 WandB logging of key "losses_after_forward" was ignored as its type "<class 'torch.Tensor'>" is not handled by this wrapper.
WARNING 2025-12-06 17:03:00 db_utils.py:141 WandB logging of key "losses_after_rm_padding" was ignored as its type "<class 'torch.Tensor'>" is not handled by this wrapper.
INFO 2025-12-06 17:03:31 ot_train.py:351 step:29K smpl:232K ep:145 epch:2.91 loss:0.023 grdn:0.297 lr:2.8e-06 updt_s:0.146 data_s:0.009
WARNING 2025-12-06 17:03:31 db_utils.py:141 WandB logging of key "losses_after_forward" was ignored as its type "<class 'torch.Tensor'>" is not handled by this wrapper.
WARNING 2025-12-06 17:03:31 db_utils.py:141 WandB logging of key "losses_after_rm_padding" was ignored as its type "<class 'torch.Tensor'>" is not handled by this wrapper.
INFO 2025-12-06 17:04:02 ot_train.py:351 step:29K smpl:234K ep:146 epch:2.93 loss:0.023 grdn:0.306 lr:2.7e-06 updt_s:0.146 data_s:0.008
WARNING 2025-12-06 17:04:02 db_utils.py:141 WandB logging of key "losses_after_forward" was ignored as its type "<class 'torch.Tensor'>" is not handled by this wrapper.
WARNING 2025-12-06 17:04:02 db_utils.py:141 WandB logging of key "losses_after_rm_padding" was ignored as its type "<class 'torch.Tensor'>" is not handled by this wrapper.
INFO 2025-12-06 17:04:33 ot_train.py:351 step:29K smpl:235K ep:147 epch:2.95 loss:0.024 grdn:0.312 lr:2.6e-06 updt_s:0.144 data_s:0.010
WARNING 2025-12-06 17:04:33 db_utils.py:141 WandB logging of key "losses_after_forward" was ignored as its type "<class 'torch.Tensor'>" is not handled by this wrapper.
WARNING 2025-12-06 17:04:33 db_utils.py:141 WandB logging of key "losses_after_rm_padding" was ignored as its type "<class 'torch.Tensor'>" is not handled by this wrapper.
INFO 2025-12-06 17:05:04 ot_train.py:351 step:30K smpl:237K ep:148 epch:2.97 loss:0.022 grdn:0.289 lr:2.6e-06 updt_s:0.146 data_s:0.008
WARNING 2025-12-06 17:05:04 db_utils.py:141 WandB logging of key "losses_after_forward" was ignored as its type "<class 'torch.Tensor'>" is not handled by this wrapper.
WARNING 2025-12-06 17:05:04 db_utils.py:141 WandB logging of key "losses_after_rm_padding" was ignored as its type "<class 'torch.Tensor'>" is not handled by this wrapper.
INFO 2025-12-06 17:05:35 ot_train.py:351 step:30K smpl:238K ep:149 epch:2.99 loss:0.023 grdn:0.300 lr:2.5e-06 updt_s:0.147 data_s:0.008
WARNING 2025-12-06 17:05:35 db_utils.py:141 WandB logging of key "losses_after_forward" was ignored as its type "<class 'torch.Tensor'>" is not handled by this wrapper.
WARNING 2025-12-06 17:05:35 db_utils.py:141 WandB logging of key "losses_after_rm_padding" was ignored as its type "<class 'torch.Tensor'>" is not handled by this wrapper.
huggingface/tokenizers: The current process just got forked, after parallelism has already been used. Disabling parallelism to avoid deadlocks...
To disable this warning, you can either:
	- Avoid using `tokenizers` before the fork if possible
	- Explicitly set the environment variable TOKENIZERS_PARALLELISM=(true | false)
huggingface/tokenizers: The current process just got forked, after parallelism has already been used. Disabling parallelism to avoid deadlocks...
To disable this warning, you can either:
	- Avoid using `tokenizers` before the fork if possible
	- Explicitly set the environment variable TOKENIZERS_PARALLELISM=(true | false)
huggingface/tokenizers: The current process just got forked, after parallelism has already been used. Disabling parallelism to avoid deadlocks...
To disable this warning, you can either:
	- Avoid using `tokenizers` before the fork if possible
	- Explicitly set the environment variable TOKENIZERS_PARALLELISM=(true | false)
huggingface/tokenizers: The current process just got forked, after parallelism has already been used. Disabling parallelism to avoid deadlocks...
To disable this warning, you can either:
	- Avoid using `tokenizers` before the fork if possible
	- Explicitly set the environment variable TOKENIZERS_PARALLELISM=(true | false)
/opt/venv/lib/python3.12/site-packages/torchvision/io/_video_deprecation_warning.py:5: UserWarning: The video decoding and encoding capabilities of torchvision are deprecated from version 0.22 and will be removed in version 0.24. We recommend that you migrate to TorchCodec, where we'll consolidate the future decoding/encoding capabilities of PyTorch: https://github.com/pytorch/torchcodec
  warnings.warn(
/opt/venv/lib/python3.12/site-packages/torchvision/io/_video_deprecation_warning.py:5: UserWarning: The video decoding and encoding capabilities of torchvision are deprecated from version 0.22 and will be removed in version 0.24. We recommend that you migrate to TorchCodec, where we'll consolidate the future decoding/encoding capabilities of PyTorch: https://github.com/pytorch/torchcodec
  warnings.warn(
/opt/venv/lib/python3.12/site-packages/torchvision/io/_video_deprecation_warning.py:5: UserWarning: The video decoding and encoding capabilities of torchvision are deprecated from version 0.22 and will be removed in version 0.24. We recommend that you migrate to TorchCodec, where we'll consolidate the future decoding/encoding capabilities of PyTorch: https://github.com/pytorch/torchcodec
  warnings.warn(
/opt/venv/lib/python3.12/site-packages/torchvision/io/_video_deprecation_warning.py:5: UserWarning: The video decoding and encoding capabilities of torchvision are deprecated from version 0.22 and will be removed in version 0.24. We recommend that you migrate to TorchCodec, where we'll consolidate the future decoding/encoding capabilities of PyTorch: https://github.com/pytorch/torchcodec
  warnings.warn(
INFO 2025-12-06 17:06:09 ot_train.py:351 step:30K smpl:240K ep:150 epch:3.01 loss:0.023 grdn:0.306 lr:2.5e-06 updt_s:0.148 data_s:0.022
WARNING 2025-12-06 17:06:09 db_utils.py:141 WandB logging of key "losses_after_forward" was ignored as its type "<class 'torch.Tensor'>" is not handled by this wrapper.
WARNING 2025-12-06 17:06:09 db_utils.py:141 WandB logging of key "losses_after_rm_padding" was ignored as its type "<class 'torch.Tensor'>" is not handled by this wrapper.
INFO 2025-12-06 17:06:09 ot_train.py:361 Checkpoint policy after step 30000
INFO 2025-12-06 17:06:14 ot_train.py:430 End of training
Traceback (most recent call last):
  File "/opt/venv/lib/python3.12/site-packages/huggingface_hub/utils/_http.py", line 407, in hf_raise_for_status
    response.raise_for_status()
  File "/opt/venv/lib/python3.12/site-packages/requests/models.py", line 1026, in raise_for_status
    raise HTTPError(http_error_msg, response=self)
requests.exceptions.HTTPError: 403 Client Error: Forbidden for url: https://huggingface.co/api/repos/create

The above exception was the direct cause of the following exception:

Traceback (most recent call last):
  File "/opt/venv/bin/lerobot-train", line 7, in <module>
    sys.exit(main())
             ^^^^^^
  File "/opt/venv/lib/python3.12/site-packages/lerobot/scripts/lerobot_train.py", line 444, in main
    train()
  File "/opt/venv/lib/python3.12/site-packages/lerobot/configs/parser.py", line 233, in wrapper_inner
    response = fn(cfg, *args, **kwargs)
               ^^^^^^^^^^^^^^^^^^^^^^^^
  File "/opt/venv/lib/python3.12/site-packages/lerobot/scripts/lerobot_train.py", line 434, in train
    unwrapped_policy.push_model_to_hub(cfg)
  File "/opt/venv/lib/python3.12/site-packages/lerobot/policies/pretrained.py", line 211, in push_model_to_hub
    repo_id = api.create_repo(
              ^^^^^^^^^^^^^^^^
  File "/opt/venv/lib/python3.12/site-packages/huggingface_hub/utils/_validators.py", line 114, in _inner_fn
    return fn(*args, **kwargs)
           ^^^^^^^^^^^^^^^^^^^
  File "/opt/venv/lib/python3.12/site-packages/huggingface_hub/hf_api.py", line 3779, in create_repo
    raise err
  File "/opt/venv/lib/python3.12/site-packages/huggingface_hub/hf_api.py", line 3766, in create_repo
    hf_raise_for_status(r)
  File "/opt/venv/lib/python3.12/site-packages/huggingface_hub/utils/_http.py", line 471, in hf_raise_for_status
    raise _format(HfHubHTTPError, message, response) from e
huggingface_hub.errors.HfHubHTTPError: (Request ID: Root=1-69346286-7f5f18da2f3a0f4d363d4067;bd8a630e-f446-4293-8f31-f708ea0ec9e5)

403 Forbidden: You don't have the rights to create a model under the namespace "wmeddie".
Cannot access content at: https://huggingface.co/api/repos/create.
Make sure your token has the correct permissions.
