INFO 2025-12-07 00:18:10 ot_train.py:163 {'batch_size': 8,
 'checkpoint_path': None,
 'dataset': {'episodes': None,
             'image_transforms': {'enable': False,
                                  'max_num_transforms': 3,
                                  'random_order': False,
                                  'tfs': {'affine': {'kwargs': {'degrees': [-5.0,
                                                                            5.0],
                                                                'translate': [0.05,
                                                                              0.05]},
                                                     'type': 'RandomAffine',
                                                     'weight': 1.0},
                                          'brightness': {'kwargs': {'brightness': [0.8,
                                                                                   1.2]},
                                                         'type': 'ColorJitter',
                                                         'weight': 1.0},
                                          'contrast': {'kwargs': {'contrast': [0.8,
                                                                               1.2]},
                                                       'type': 'ColorJitter',
                                                       'weight': 1.0},
                                          'hue': {'kwargs': {'hue': [-0.05,
                                                                     0.05]},
                                                  'type': 'ColorJitter',
                                                  'weight': 1.0},
                                          'saturation': {'kwargs': {'saturation': [0.5,
                                                                                   1.5]},
                                                         'type': 'ColorJitter',
                                                         'weight': 1.0},
                                          'sharpness': {'kwargs': {'sharpness': [0.5,
                                                                                 1.5]},
                                                        'type': 'SharpnessJitter',
                                                        'weight': 1.0}}},
             'repo_id': 'wmeddie/zenbot_place_rock3',
             'revision': None,
             'root': None,
             'streaming': False,
             'use_imagenet_stats': True,
             'video_backend': 'pyav'},
 'env': None,
 'eval': {'batch_size': 50, 'n_episodes': 50, 'use_async_envs': False},
 'eval_freq': 20000,
 'job_name': 'smolvla',
 'log_freq': 200,
 'num_workers': 8,
 'optimizer': {'betas': [0.9, 0.95],
               'eps': 1e-08,
               'grad_clip_norm': 10.0,
               'lr': 0.0001,
               'type': 'adamw',
               'weight_decay': 1e-10},
 'output_dir': 'outputs/smolvla_place_rock3_from_base',
 'policy': {'adapt_to_pi_aloha': False,
            'add_image_special_tokens': False,
            'attention_mode': 'cross_attn',
            'chunk_size': 50,
            'device': 'cuda',
            'empty_cameras': 1,
            'expert_width_multiplier': 0.75,
            'freeze_vision_encoder': True,
            'input_features': {'observation.images.camera1': {'shape': [3,
                                                                        256,
                                                                        256],
                                                              'type': <FeatureType.VISUAL: 'VISUAL'>},
                               'observation.images.camera2': {'shape': [3,
                                                                        256,
                                                                        256],
                                                              'type': <FeatureType.VISUAL: 'VISUAL'>},
                               'observation.images.camera3': {'shape': [3,
                                                                        256,
                                                                        256],
                                                              'type': <FeatureType.VISUAL: 'VISUAL'>},
                               'observation.state': {'shape': [6],
                                                     'type': <FeatureType.STATE: 'STATE'>}},
            'license': None,
            'load_vlm_weights': True,
            'max_action_dim': 32,
            'max_period': 4.0,
            'max_state_dim': 32,
            'min_period': 0.004,
            'n_action_steps': 50,
            'n_obs_steps': 1,
            'normalization_mapping': {'ACTION': <NormalizationMode.MEAN_STD: 'MEAN_STD'>,
                                      'STATE': <NormalizationMode.MEAN_STD: 'MEAN_STD'>,
                                      'VISUAL': <NormalizationMode.IDENTITY: 'IDENTITY'>},
            'num_expert_layers': 0,
            'num_steps': 10,
            'num_vlm_layers': 16,
            'optimizer_betas': [0.9, 0.95],
            'optimizer_eps': 1e-08,
            'optimizer_grad_clip_norm': 10.0,
            'optimizer_lr': 0.0001,
            'optimizer_weight_decay': 1e-10,
            'output_features': {'action': {'shape': [6],
                                           'type': <FeatureType.ACTION: 'ACTION'>}},
            'pad_language_to': 'max_length',
            'prefix_length': 0,
            'pretrained_path': 'lerobot/smolvla_base',
            'private': None,
            'push_to_hub': True,
            'repo_id': 'wmeddie/smolvla_place_rock3',
            'resize_imgs_with_padding': [512, 512],
            'scheduler_decay_lr': 2.5e-06,
            'scheduler_decay_steps': 30000,
            'scheduler_warmup_steps': 1000,
            'self_attn_every_n_layers': 2,
            'tags': None,
            'tokenizer_max_length': 48,
            'train_expert_only': True,
            'train_state_proj': True,
            'type': 'smolvla',
            'use_amp': False,
            'use_cache': True,
            'use_delta_joint_actions_aloha': False,
            'vlm_model_name': 'HuggingFaceTB/SmolVLM2-500M-Video-Instruct'},
 'rename_map': {'observation.images.front': 'observation.images.camera1',
                'observation.images.top': 'observation.images.camera2'},
 'resume': False,
 'save_checkpoint': True,
 'save_freq': 5000,
 'scheduler': {'decay_lr': 2.5e-06,
               'num_decay_steps': 30000,
               'num_warmup_steps': 1000,
               'peak_lr': 0.0001,
               'type': 'cosine_decay_with_warmup'},
 'seed': 1000,
 'steps': 20000,
 'use_policy_training_preset': True,
 'wandb': {'disable_artifact': False,
           'enable': True,
           'entity': 'wm_eddie',
           'mode': None,
           'notes': None,
           'project': 'zenbot',
           'run_id': None}}
/opt/venv/lib/python3.12/site-packages/pydantic/_internal/_generate_schema.py:2249: UnsupportedFieldAttributeWarning: The 'repr' attribute with value False was provided to the `Field()` function, which has no effect in the context it was used. 'repr' is field-specific metadata, and can only be attached to a model field using `Annotated` metadata or by assignment. This may have happened because an `Annotated` type alias using the `type` statement was used, or if the `Field()` function was attached to a single member of a union type.
  warnings.warn(
/opt/venv/lib/python3.12/site-packages/pydantic/_internal/_generate_schema.py:2249: UnsupportedFieldAttributeWarning: The 'frozen' attribute with value True was provided to the `Field()` function, which has no effect in the context it was used. 'frozen' is field-specific metadata, and can only be attached to a model field using `Annotated` metadata or by assignment. This may have happened because an `Annotated` type alias using the `type` statement was used, or if the `Field()` function was attached to a single member of a union type.
  warnings.warn(
INFO 2025-12-07 00:18:11 db_utils.py:102 Logs will be synced with wandb.
INFO 2025-12-07 00:18:11 db_utils.py:103 Track this run --> https://wandb.ai/wm_eddie/zenbot/runs/p5suoay1
INFO 2025-12-07 00:18:11 ot_train.py:183 Creating dataset
INFO 2025-12-07 00:18:12 ot_train.py:202 Creating policy
`torch_dtype` is deprecated! Use `dtype` instead!
INFO 2025-12-07 00:18:21 ot_train.py:247 Creating optimizer and scheduler
INFO 2025-12-07 00:18:21 hedulers.py:105 Auto-scaling LR scheduler: num_training_steps (20000) < num_decay_steps (30000). Scaling warmup: 1000 → 666, decay: 30000 → 20000 (scale factor: 0.667)
INFO 2025-12-07 00:18:21 ot_train.py:259 Output dir: outputs/smolvla_place_rock3_from_base
INFO 2025-12-07 00:18:21 ot_train.py:262 cfg.steps=20000 (20K)
INFO 2025-12-07 00:18:21 ot_train.py:263 dataset.num_frames=79741 (80K)
INFO 2025-12-07 00:18:21 ot_train.py:264 dataset.num_episodes=50
INFO 2025-12-07 00:18:21 ot_train.py:267 Effective batch size: 8 x 1 = 8
INFO 2025-12-07 00:18:21 ot_train.py:268 num_learnable_params=99880992 (100M)
INFO 2025-12-07 00:18:21 ot_train.py:269 num_total_params=450046176 (450M)
INFO 2025-12-07 00:18:21 ot_train.py:324 Start offline training on a fixed dataset
Loading  HuggingFaceTB/SmolVLM2-500M-Video-Instruct weights ...
Reducing the number of VLM layers to 16 ...
/opt/venv/lib/python3.12/site-packages/torchvision/io/_video_deprecation_warning.py:5: UserWarning: The video decoding and encoding capabilities of torchvision are deprecated from version 0.22 and will be removed in version 0.24. We recommend that you migrate to TorchCodec, where we'll consolidate the future decoding/encoding capabilities of PyTorch: https://github.com/pytorch/torchcodec
  warnings.warn(
/opt/venv/lib/python3.12/site-packages/torchvision/io/_video_deprecation_warning.py:5: UserWarning: The video decoding and encoding capabilities of torchvision are deprecated from version 0.22 and will be removed in version 0.24. We recommend that you migrate to TorchCodec, where we'll consolidate the future decoding/encoding capabilities of PyTorch: https://github.com/pytorch/torchcodec
  warnings.warn(
/opt/venv/lib/python3.12/site-packages/torchvision/io/_video_deprecation_warning.py:5: UserWarning: The video decoding and encoding capabilities of torchvision are deprecated from version 0.22 and will be removed in version 0.24. We recommend that you migrate to TorchCodec, where we'll consolidate the future decoding/encoding capabilities of PyTorch: https://github.com/pytorch/torchcodec
  warnings.warn(
/opt/venv/lib/python3.12/site-packages/torchvision/io/_video_deprecation_warning.py:5: UserWarning: The video decoding and encoding capabilities of torchvision are deprecated from version 0.22 and will be removed in version 0.24. We recommend that you migrate to TorchCodec, where we'll consolidate the future decoding/encoding capabilities of PyTorch: https://github.com/pytorch/torchcodec
  warnings.warn(
/opt/venv/lib/python3.12/site-packages/torchvision/io/_video_deprecation_warning.py:5: UserWarning: The video decoding and encoding capabilities of torchvision are deprecated from version 0.22 and will be removed in version 0.24. We recommend that you migrate to TorchCodec, where we'll consolidate the future decoding/encoding capabilities of PyTorch: https://github.com/pytorch/torchcodec
  warnings.warn(
/opt/venv/lib/python3.12/site-packages/torchvision/io/_video_deprecation_warning.py:5: UserWarning: The video decoding and encoding capabilities of torchvision are deprecated from version 0.22 and will be removed in version 0.24. We recommend that you migrate to TorchCodec, where we'll consolidate the future decoding/encoding capabilities of PyTorch: https://github.com/pytorch/torchcodec
  warnings.warn(
/opt/venv/lib/python3.12/site-packages/torchvision/io/_video_deprecation_warning.py:5: UserWarning: The video decoding and encoding capabilities of torchvision are deprecated from version 0.22 and will be removed in version 0.24. We recommend that you migrate to TorchCodec, where we'll consolidate the future decoding/encoding capabilities of PyTorch: https://github.com/pytorch/torchcodec
  warnings.warn(
/opt/venv/lib/python3.12/site-packages/torchvision/io/_video_deprecation_warning.py:5: UserWarning: The video decoding and encoding capabilities of torchvision are deprecated from version 0.22 and will be removed in version 0.24. We recommend that you migrate to TorchCodec, where we'll consolidate the future decoding/encoding capabilities of PyTorch: https://github.com/pytorch/torchcodec
  warnings.warn(
INFO 2025-12-07 00:19:16 ot_train.py:351 step:200 smpl:2K ep:1 epch:0.02 loss:0.062 grdn:1.171 lr:1.5e-05 updt_s:0.256 data_s:0.014
WARNING 2025-12-07 00:19:16 db_utils.py:141 WandB logging of key "losses_after_forward" was ignored as its type "<class 'torch.Tensor'>" is not handled by this wrapper.
WARNING 2025-12-07 00:19:16 db_utils.py:141 WandB logging of key "losses_after_rm_padding" was ignored as its type "<class 'torch.Tensor'>" is not handled by this wrapper.
INFO 2025-12-07 00:19:44 ot_train.py:351 step:400 smpl:3K ep:2 epch:0.04 loss:0.052 grdn:1.120 lr:4.5e-05 updt_s:0.135 data_s:0.004
WARNING 2025-12-07 00:19:44 db_utils.py:141 WandB logging of key "losses_after_forward" was ignored as its type "<class 'torch.Tensor'>" is not handled by this wrapper.
WARNING 2025-12-07 00:19:44 db_utils.py:141 WandB logging of key "losses_after_rm_padding" was ignored as its type "<class 'torch.Tensor'>" is not handled by this wrapper.
INFO 2025-12-07 00:20:11 ot_train.py:351 step:600 smpl:5K ep:3 epch:0.06 loss:0.060 grdn:1.125 lr:7.5e-05 updt_s:0.134 data_s:0.003
WARNING 2025-12-07 00:20:11 db_utils.py:141 WandB logging of key "losses_after_forward" was ignored as its type "<class 'torch.Tensor'>" is not handled by this wrapper.
WARNING 2025-12-07 00:20:11 db_utils.py:141 WandB logging of key "losses_after_rm_padding" was ignored as its type "<class 'torch.Tensor'>" is not handled by this wrapper.
INFO 2025-12-07 00:20:39 ot_train.py:351 step:800 smpl:6K ep:4 epch:0.08 loss:0.071 grdn:1.196 lr:9.8e-05 updt_s:0.134 data_s:0.004
WARNING 2025-12-07 00:20:39 db_utils.py:141 WandB logging of key "losses_after_forward" was ignored as its type "<class 'torch.Tensor'>" is not handled by this wrapper.
WARNING 2025-12-07 00:20:39 db_utils.py:141 WandB logging of key "losses_after_rm_padding" was ignored as its type "<class 'torch.Tensor'>" is not handled by this wrapper.
INFO 2025-12-07 00:21:07 ot_train.py:351 step:1K smpl:8K ep:5 epch:0.10 loss:0.062 grdn:1.005 lr:1.0e-04 updt_s:0.133 data_s:0.003
WARNING 2025-12-07 00:21:07 db_utils.py:141 WandB logging of key "losses_after_forward" was ignored as its type "<class 'torch.Tensor'>" is not handled by this wrapper.
WARNING 2025-12-07 00:21:07 db_utils.py:141 WandB logging of key "losses_after_rm_padding" was ignored as its type "<class 'torch.Tensor'>" is not handled by this wrapper.
INFO 2025-12-07 00:21:34 ot_train.py:351 step:1K smpl:10K ep:6 epch:0.12 loss:0.064 grdn:0.965 lr:9.9e-05 updt_s:0.134 data_s:0.004
WARNING 2025-12-07 00:21:34 db_utils.py:141 WandB logging of key "losses_after_forward" was ignored as its type "<class 'torch.Tensor'>" is not handled by this wrapper.
WARNING 2025-12-07 00:21:34 db_utils.py:141 WandB logging of key "losses_after_rm_padding" was ignored as its type "<class 'torch.Tensor'>" is not handled by this wrapper.
INFO 2025-12-07 00:22:02 ot_train.py:351 step:1K smpl:11K ep:7 epch:0.14 loss:0.055 grdn:0.881 lr:9.9e-05 updt_s:0.132 data_s:0.003
WARNING 2025-12-07 00:22:02 db_utils.py:141 WandB logging of key "losses_after_forward" was ignored as its type "<class 'torch.Tensor'>" is not handled by this wrapper.
WARNING 2025-12-07 00:22:02 db_utils.py:141 WandB logging of key "losses_after_rm_padding" was ignored as its type "<class 'torch.Tensor'>" is not handled by this wrapper.
INFO 2025-12-07 00:22:29 ot_train.py:351 step:2K smpl:13K ep:8 epch:0.16 loss:0.058 grdn:0.883 lr:9.9e-05 updt_s:0.131 data_s:0.003
WARNING 2025-12-07 00:22:29 db_utils.py:141 WandB logging of key "losses_after_forward" was ignored as its type "<class 'torch.Tensor'>" is not handled by this wrapper.
WARNING 2025-12-07 00:22:29 db_utils.py:141 WandB logging of key "losses_after_rm_padding" was ignored as its type "<class 'torch.Tensor'>" is not handled by this wrapper.
INFO 2025-12-07 00:22:56 ot_train.py:351 step:2K smpl:14K ep:9 epch:0.18 loss:0.054 grdn:0.830 lr:9.8e-05 updt_s:0.132 data_s:0.003
WARNING 2025-12-07 00:22:56 db_utils.py:141 WandB logging of key "losses_after_forward" was ignored as its type "<class 'torch.Tensor'>" is not handled by this wrapper.
WARNING 2025-12-07 00:22:56 db_utils.py:141 WandB logging of key "losses_after_rm_padding" was ignored as its type "<class 'torch.Tensor'>" is not handled by this wrapper.
INFO 2025-12-07 00:23:24 ot_train.py:351 step:2K smpl:16K ep:10 epch:0.20 loss:0.055 grdn:0.812 lr:9.8e-05 updt_s:0.134 data_s:0.003
WARNING 2025-12-07 00:23:24 db_utils.py:141 WandB logging of key "losses_after_forward" was ignored as its type "<class 'torch.Tensor'>" is not handled by this wrapper.
WARNING 2025-12-07 00:23:24 db_utils.py:141 WandB logging of key "losses_after_rm_padding" was ignored as its type "<class 'torch.Tensor'>" is not handled by this wrapper.
INFO 2025-12-07 00:23:51 ot_train.py:351 step:2K smpl:18K ep:11 epch:0.22 loss:0.051 grdn:0.795 lr:9.7e-05 updt_s:0.131 data_s:0.003
WARNING 2025-12-07 00:23:51 db_utils.py:141 WandB logging of key "losses_after_forward" was ignored as its type "<class 'torch.Tensor'>" is not handled by this wrapper.
WARNING 2025-12-07 00:23:51 db_utils.py:141 WandB logging of key "losses_after_rm_padding" was ignored as its type "<class 'torch.Tensor'>" is not handled by this wrapper.
INFO 2025-12-07 00:24:18 ot_train.py:351 step:2K smpl:19K ep:12 epch:0.24 loss:0.050 grdn:0.737 lr:9.7e-05 updt_s:0.132 data_s:0.003
WARNING 2025-12-07 00:24:18 db_utils.py:141 WandB logging of key "losses_after_forward" was ignored as its type "<class 'torch.Tensor'>" is not handled by this wrapper.
WARNING 2025-12-07 00:24:18 db_utils.py:141 WandB logging of key "losses_after_rm_padding" was ignored as its type "<class 'torch.Tensor'>" is not handled by this wrapper.
INFO 2025-12-07 00:24:46 ot_train.py:351 step:3K smpl:21K ep:13 epch:0.26 loss:0.049 grdn:0.732 lr:9.6e-05 updt_s:0.133 data_s:0.003
WARNING 2025-12-07 00:24:46 db_utils.py:141 WandB logging of key "losses_after_forward" was ignored as its type "<class 'torch.Tensor'>" is not handled by this wrapper.
WARNING 2025-12-07 00:24:46 db_utils.py:141 WandB logging of key "losses_after_rm_padding" was ignored as its type "<class 'torch.Tensor'>" is not handled by this wrapper.
INFO 2025-12-07 00:25:13 ot_train.py:351 step:3K smpl:22K ep:14 epch:0.28 loss:0.047 grdn:0.713 lr:9.6e-05 updt_s:0.132 data_s:0.003
WARNING 2025-12-07 00:25:13 db_utils.py:141 WandB logging of key "losses_after_forward" was ignored as its type "<class 'torch.Tensor'>" is not handled by this wrapper.
WARNING 2025-12-07 00:25:13 db_utils.py:141 WandB logging of key "losses_after_rm_padding" was ignored as its type "<class 'torch.Tensor'>" is not handled by this wrapper.
INFO 2025-12-07 00:25:40 ot_train.py:351 step:3K smpl:24K ep:15 epch:0.30 loss:0.048 grdn:0.715 lr:9.5e-05 updt_s:0.132 data_s:0.003
WARNING 2025-12-07 00:25:40 db_utils.py:141 WandB logging of key "losses_after_forward" was ignored as its type "<class 'torch.Tensor'>" is not handled by this wrapper.
WARNING 2025-12-07 00:25:40 db_utils.py:141 WandB logging of key "losses_after_rm_padding" was ignored as its type "<class 'torch.Tensor'>" is not handled by this wrapper.
INFO 2025-12-07 00:26:08 ot_train.py:351 step:3K smpl:26K ep:16 epch:0.32 loss:0.043 grdn:0.645 lr:9.4e-05 updt_s:0.133 data_s:0.003
WARNING 2025-12-07 00:26:08 db_utils.py:141 WandB logging of key "losses_after_forward" was ignored as its type "<class 'torch.Tensor'>" is not handled by this wrapper.
WARNING 2025-12-07 00:26:08 db_utils.py:141 WandB logging of key "losses_after_rm_padding" was ignored as its type "<class 'torch.Tensor'>" is not handled by this wrapper.
INFO 2025-12-07 00:26:35 ot_train.py:351 step:3K smpl:27K ep:17 epch:0.34 loss:0.042 grdn:0.641 lr:9.4e-05 updt_s:0.132 data_s:0.003
WARNING 2025-12-07 00:26:35 db_utils.py:141 WandB logging of key "losses_after_forward" was ignored as its type "<class 'torch.Tensor'>" is not handled by this wrapper.
WARNING 2025-12-07 00:26:35 db_utils.py:141 WandB logging of key "losses_after_rm_padding" was ignored as its type "<class 'torch.Tensor'>" is not handled by this wrapper.
INFO 2025-12-07 00:27:02 ot_train.py:351 step:4K smpl:29K ep:18 epch:0.36 loss:0.043 grdn:0.652 lr:9.3e-05 updt_s:0.131 data_s:0.003
WARNING 2025-12-07 00:27:02 db_utils.py:141 WandB logging of key "losses_after_forward" was ignored as its type "<class 'torch.Tensor'>" is not handled by this wrapper.
WARNING 2025-12-07 00:27:02 db_utils.py:141 WandB logging of key "losses_after_rm_padding" was ignored as its type "<class 'torch.Tensor'>" is not handled by this wrapper.
INFO 2025-12-07 00:27:29 ot_train.py:351 step:4K smpl:30K ep:19 epch:0.38 loss:0.042 grdn:0.654 lr:9.2e-05 updt_s:0.132 data_s:0.003
WARNING 2025-12-07 00:27:29 db_utils.py:141 WandB logging of key "losses_after_forward" was ignored as its type "<class 'torch.Tensor'>" is not handled by this wrapper.
WARNING 2025-12-07 00:27:29 db_utils.py:141 WandB logging of key "losses_after_rm_padding" was ignored as its type "<class 'torch.Tensor'>" is not handled by this wrapper.
INFO 2025-12-07 00:27:57 ot_train.py:351 step:4K smpl:32K ep:20 epch:0.40 loss:0.042 grdn:0.646 lr:9.1e-05 updt_s:0.133 data_s:0.004
WARNING 2025-12-07 00:27:57 db_utils.py:141 WandB logging of key "losses_after_forward" was ignored as its type "<class 'torch.Tensor'>" is not handled by this wrapper.
WARNING 2025-12-07 00:27:57 db_utils.py:141 WandB logging of key "losses_after_rm_padding" was ignored as its type "<class 'torch.Tensor'>" is not handled by this wrapper.
INFO 2025-12-07 00:28:25 ot_train.py:351 step:4K smpl:34K ep:21 epch:0.42 loss:0.038 grdn:0.591 lr:9.0e-05 updt_s:0.135 data_s:0.004
WARNING 2025-12-07 00:28:25 db_utils.py:141 WandB logging of key "losses_after_forward" was ignored as its type "<class 'torch.Tensor'>" is not handled by this wrapper.
WARNING 2025-12-07 00:28:25 db_utils.py:141 WandB logging of key "losses_after_rm_padding" was ignored as its type "<class 'torch.Tensor'>" is not handled by this wrapper.
INFO 2025-12-07 00:28:52 ot_train.py:351 step:4K smpl:35K ep:22 epch:0.44 loss:0.038 grdn:0.565 lr:8.9e-05 updt_s:0.134 data_s:0.003
WARNING 2025-12-07 00:28:52 db_utils.py:141 WandB logging of key "losses_after_forward" was ignored as its type "<class 'torch.Tensor'>" is not handled by this wrapper.
WARNING 2025-12-07 00:28:52 db_utils.py:141 WandB logging of key "losses_after_rm_padding" was ignored as its type "<class 'torch.Tensor'>" is not handled by this wrapper.
INFO 2025-12-07 00:29:20 ot_train.py:351 step:5K smpl:37K ep:23 epch:0.46 loss:0.040 grdn:0.619 lr:8.8e-05 updt_s:0.134 data_s:0.004
WARNING 2025-12-07 00:29:20 db_utils.py:141 WandB logging of key "losses_after_forward" was ignored as its type "<class 'torch.Tensor'>" is not handled by this wrapper.
WARNING 2025-12-07 00:29:20 db_utils.py:141 WandB logging of key "losses_after_rm_padding" was ignored as its type "<class 'torch.Tensor'>" is not handled by this wrapper.
INFO 2025-12-07 00:29:48 ot_train.py:351 step:5K smpl:38K ep:24 epch:0.48 loss:0.035 grdn:0.558 lr:8.7e-05 updt_s:0.133 data_s:0.003
WARNING 2025-12-07 00:29:48 db_utils.py:141 WandB logging of key "losses_after_forward" was ignored as its type "<class 'torch.Tensor'>" is not handled by this wrapper.
WARNING 2025-12-07 00:29:48 db_utils.py:141 WandB logging of key "losses_after_rm_padding" was ignored as its type "<class 'torch.Tensor'>" is not handled by this wrapper.
INFO 2025-12-07 00:30:15 ot_train.py:351 step:5K smpl:40K ep:25 epch:0.50 loss:0.036 grdn:0.566 lr:8.6e-05 updt_s:0.133 data_s:0.003
WARNING 2025-12-07 00:30:15 db_utils.py:141 WandB logging of key "losses_after_forward" was ignored as its type "<class 'torch.Tensor'>" is not handled by this wrapper.
WARNING 2025-12-07 00:30:15 db_utils.py:141 WandB logging of key "losses_after_rm_padding" was ignored as its type "<class 'torch.Tensor'>" is not handled by this wrapper.
INFO 2025-12-07 00:30:15 ot_train.py:361 Checkpoint policy after step 5000
INFO 2025-12-07 00:30:47 ot_train.py:351 step:5K smpl:42K ep:26 epch:0.52 loss:0.037 grdn:0.572 lr:8.5e-05 updt_s:0.134 data_s:0.004
WARNING 2025-12-07 00:30:47 db_utils.py:141 WandB logging of key "losses_after_forward" was ignored as its type "<class 'torch.Tensor'>" is not handled by this wrapper.
WARNING 2025-12-07 00:30:47 db_utils.py:141 WandB logging of key "losses_after_rm_padding" was ignored as its type "<class 'torch.Tensor'>" is not handled by this wrapper.
INFO 2025-12-07 00:31:14 ot_train.py:351 step:5K smpl:43K ep:27 epch:0.54 loss:0.036 grdn:0.555 lr:8.4e-05 updt_s:0.134 data_s:0.004
WARNING 2025-12-07 00:31:14 db_utils.py:141 WandB logging of key "losses_after_forward" was ignored as its type "<class 'torch.Tensor'>" is not handled by this wrapper.
WARNING 2025-12-07 00:31:14 db_utils.py:141 WandB logging of key "losses_after_rm_padding" was ignored as its type "<class 'torch.Tensor'>" is not handled by this wrapper.
INFO 2025-12-07 00:31:42 ot_train.py:351 step:6K smpl:45K ep:28 epch:0.56 loss:0.033 grdn:0.531 lr:8.3e-05 updt_s:0.133 data_s:0.004
WARNING 2025-12-07 00:31:42 db_utils.py:141 WandB logging of key "losses_after_forward" was ignored as its type "<class 'torch.Tensor'>" is not handled by this wrapper.
WARNING 2025-12-07 00:31:42 db_utils.py:141 WandB logging of key "losses_after_rm_padding" was ignored as its type "<class 'torch.Tensor'>" is not handled by this wrapper.
INFO 2025-12-07 00:32:10 ot_train.py:351 step:6K smpl:46K ep:29 epch:0.58 loss:0.035 grdn:0.550 lr:8.2e-05 updt_s:0.134 data_s:0.004
WARNING 2025-12-07 00:32:10 db_utils.py:141 WandB logging of key "losses_after_forward" was ignored as its type "<class 'torch.Tensor'>" is not handled by this wrapper.
WARNING 2025-12-07 00:32:10 db_utils.py:141 WandB logging of key "losses_after_rm_padding" was ignored as its type "<class 'torch.Tensor'>" is not handled by this wrapper.
INFO 2025-12-07 00:32:37 ot_train.py:351 step:6K smpl:48K ep:30 epch:0.60 loss:0.035 grdn:0.530 lr:8.1e-05 updt_s:0.134 data_s:0.004
WARNING 2025-12-07 00:32:37 db_utils.py:141 WandB logging of key "losses_after_forward" was ignored as its type "<class 'torch.Tensor'>" is not handled by this wrapper.
WARNING 2025-12-07 00:32:37 db_utils.py:141 WandB logging of key "losses_after_rm_padding" was ignored as its type "<class 'torch.Tensor'>" is not handled by this wrapper.
INFO 2025-12-07 00:33:06 ot_train.py:351 step:6K smpl:50K ep:31 epch:0.62 loss:0.035 grdn:0.539 lr:7.9e-05 updt_s:0.136 data_s:0.004
WARNING 2025-12-07 00:33:06 db_utils.py:141 WandB logging of key "losses_after_forward" was ignored as its type "<class 'torch.Tensor'>" is not handled by this wrapper.
WARNING 2025-12-07 00:33:06 db_utils.py:141 WandB logging of key "losses_after_rm_padding" was ignored as its type "<class 'torch.Tensor'>" is not handled by this wrapper.
INFO 2025-12-07 00:33:33 ot_train.py:351 step:6K smpl:51K ep:32 epch:0.64 loss:0.033 grdn:0.520 lr:7.8e-05 updt_s:0.135 data_s:0.004
WARNING 2025-12-07 00:33:33 db_utils.py:141 WandB logging of key "losses_after_forward" was ignored as its type "<class 'torch.Tensor'>" is not handled by this wrapper.
WARNING 2025-12-07 00:33:33 db_utils.py:141 WandB logging of key "losses_after_rm_padding" was ignored as its type "<class 'torch.Tensor'>" is not handled by this wrapper.
INFO 2025-12-07 00:34:02 ot_train.py:351 step:7K smpl:53K ep:33 epch:0.66 loss:0.034 grdn:0.537 lr:7.7e-05 updt_s:0.136 data_s:0.004
WARNING 2025-12-07 00:34:02 db_utils.py:141 WandB logging of key "losses_after_forward" was ignored as its type "<class 'torch.Tensor'>" is not handled by this wrapper.
WARNING 2025-12-07 00:34:02 db_utils.py:141 WandB logging of key "losses_after_rm_padding" was ignored as its type "<class 'torch.Tensor'>" is not handled by this wrapper.
INFO 2025-12-07 00:34:29 ot_train.py:351 step:7K smpl:54K ep:34 epch:0.68 loss:0.032 grdn:0.506 lr:7.5e-05 updt_s:0.135 data_s:0.004
WARNING 2025-12-07 00:34:29 db_utils.py:141 WandB logging of key "losses_after_forward" was ignored as its type "<class 'torch.Tensor'>" is not handled by this wrapper.
WARNING 2025-12-07 00:34:29 db_utils.py:141 WandB logging of key "losses_after_rm_padding" was ignored as its type "<class 'torch.Tensor'>" is not handled by this wrapper.
INFO 2025-12-07 00:34:57 ot_train.py:351 step:7K smpl:56K ep:35 epch:0.70 loss:0.032 grdn:0.516 lr:7.4e-05 updt_s:0.133 data_s:0.004
WARNING 2025-12-07 00:34:57 db_utils.py:141 WandB logging of key "losses_after_forward" was ignored as its type "<class 'torch.Tensor'>" is not handled by this wrapper.
WARNING 2025-12-07 00:34:57 db_utils.py:141 WandB logging of key "losses_after_rm_padding" was ignored as its type "<class 'torch.Tensor'>" is not handled by this wrapper.
INFO 2025-12-07 00:35:25 ot_train.py:351 step:7K smpl:58K ep:36 epch:0.72 loss:0.033 grdn:0.519 lr:7.3e-05 updt_s:0.135 data_s:0.004
WARNING 2025-12-07 00:35:25 db_utils.py:141 WandB logging of key "losses_after_forward" was ignored as its type "<class 'torch.Tensor'>" is not handled by this wrapper.
WARNING 2025-12-07 00:35:25 db_utils.py:141 WandB logging of key "losses_after_rm_padding" was ignored as its type "<class 'torch.Tensor'>" is not handled by this wrapper.
INFO 2025-12-07 00:35:53 ot_train.py:351 step:7K smpl:59K ep:37 epch:0.74 loss:0.032 grdn:0.506 lr:7.1e-05 updt_s:0.135 data_s:0.004
WARNING 2025-12-07 00:35:53 db_utils.py:141 WandB logging of key "losses_after_forward" was ignored as its type "<class 'torch.Tensor'>" is not handled by this wrapper.
WARNING 2025-12-07 00:35:53 db_utils.py:141 WandB logging of key "losses_after_rm_padding" was ignored as its type "<class 'torch.Tensor'>" is not handled by this wrapper.
INFO 2025-12-07 00:36:21 ot_train.py:351 step:8K smpl:61K ep:38 epch:0.76 loss:0.030 grdn:0.477 lr:7.0e-05 updt_s:0.135 data_s:0.004
WARNING 2025-12-07 00:36:21 db_utils.py:141 WandB logging of key "losses_after_forward" was ignored as its type "<class 'torch.Tensor'>" is not handled by this wrapper.
WARNING 2025-12-07 00:36:21 db_utils.py:141 WandB logging of key "losses_after_rm_padding" was ignored as its type "<class 'torch.Tensor'>" is not handled by this wrapper.
INFO 2025-12-07 00:36:48 ot_train.py:351 step:8K smpl:62K ep:39 epch:0.78 loss:0.030 grdn:0.482 lr:6.8e-05 updt_s:0.134 data_s:0.004
WARNING 2025-12-07 00:36:48 db_utils.py:141 WandB logging of key "losses_after_forward" was ignored as its type "<class 'torch.Tensor'>" is not handled by this wrapper.
WARNING 2025-12-07 00:36:48 db_utils.py:141 WandB logging of key "losses_after_rm_padding" was ignored as its type "<class 'torch.Tensor'>" is not handled by this wrapper.
INFO 2025-12-07 00:37:16 ot_train.py:351 step:8K smpl:64K ep:40 epch:0.80 loss:0.028 grdn:0.448 lr:6.7e-05 updt_s:0.133 data_s:0.004
WARNING 2025-12-07 00:37:16 db_utils.py:141 WandB logging of key "losses_after_forward" was ignored as its type "<class 'torch.Tensor'>" is not handled by this wrapper.
WARNING 2025-12-07 00:37:16 db_utils.py:141 WandB logging of key "losses_after_rm_padding" was ignored as its type "<class 'torch.Tensor'>" is not handled by this wrapper.
INFO 2025-12-07 00:37:44 ot_train.py:351 step:8K smpl:66K ep:41 epch:0.82 loss:0.030 grdn:0.484 lr:6.6e-05 updt_s:0.133 data_s:0.004
WARNING 2025-12-07 00:37:44 db_utils.py:141 WandB logging of key "losses_after_forward" was ignored as its type "<class 'torch.Tensor'>" is not handled by this wrapper.
WARNING 2025-12-07 00:37:44 db_utils.py:141 WandB logging of key "losses_after_rm_padding" was ignored as its type "<class 'torch.Tensor'>" is not handled by this wrapper.
INFO 2025-12-07 00:38:11 ot_train.py:351 step:8K smpl:67K ep:42 epch:0.84 loss:0.027 grdn:0.449 lr:6.4e-05 updt_s:0.133 data_s:0.004
WARNING 2025-12-07 00:38:11 db_utils.py:141 WandB logging of key "losses_after_forward" was ignored as its type "<class 'torch.Tensor'>" is not handled by this wrapper.
WARNING 2025-12-07 00:38:11 db_utils.py:141 WandB logging of key "losses_after_rm_padding" was ignored as its type "<class 'torch.Tensor'>" is not handled by this wrapper.
INFO 2025-12-07 00:38:39 ot_train.py:351 step:9K smpl:69K ep:43 epch:0.86 loss:0.030 grdn:0.465 lr:6.3e-05 updt_s:0.133 data_s:0.004
WARNING 2025-12-07 00:38:39 db_utils.py:141 WandB logging of key "losses_after_forward" was ignored as its type "<class 'torch.Tensor'>" is not handled by this wrapper.
WARNING 2025-12-07 00:38:39 db_utils.py:141 WandB logging of key "losses_after_rm_padding" was ignored as its type "<class 'torch.Tensor'>" is not handled by this wrapper.
INFO 2025-12-07 00:39:06 ot_train.py:351 step:9K smpl:70K ep:44 epch:0.88 loss:0.030 grdn:0.472 lr:6.1e-05 updt_s:0.134 data_s:0.004
WARNING 2025-12-07 00:39:06 db_utils.py:141 WandB logging of key "losses_after_forward" was ignored as its type "<class 'torch.Tensor'>" is not handled by this wrapper.
WARNING 2025-12-07 00:39:06 db_utils.py:141 WandB logging of key "losses_after_rm_padding" was ignored as its type "<class 'torch.Tensor'>" is not handled by this wrapper.
INFO 2025-12-07 00:39:34 ot_train.py:351 step:9K smpl:72K ep:45 epch:0.90 loss:0.027 grdn:0.445 lr:6.0e-05 updt_s:0.133 data_s:0.004
WARNING 2025-12-07 00:39:34 db_utils.py:141 WandB logging of key "losses_after_forward" was ignored as its type "<class 'torch.Tensor'>" is not handled by this wrapper.
WARNING 2025-12-07 00:39:34 db_utils.py:141 WandB logging of key "losses_after_rm_padding" was ignored as its type "<class 'torch.Tensor'>" is not handled by this wrapper.
INFO 2025-12-07 00:40:03 ot_train.py:351 step:9K smpl:74K ep:46 epch:0.92 loss:0.026 grdn:0.435 lr:5.8e-05 updt_s:0.137 data_s:0.004
WARNING 2025-12-07 00:40:03 db_utils.py:141 WandB logging of key "losses_after_forward" was ignored as its type "<class 'torch.Tensor'>" is not handled by this wrapper.
WARNING 2025-12-07 00:40:03 db_utils.py:141 WandB logging of key "losses_after_rm_padding" was ignored as its type "<class 'torch.Tensor'>" is not handled by this wrapper.
INFO 2025-12-07 00:40:31 ot_train.py:351 step:9K smpl:75K ep:47 epch:0.94 loss:0.027 grdn:0.425 lr:5.7e-05 updt_s:0.138 data_s:0.004
WARNING 2025-12-07 00:40:31 db_utils.py:141 WandB logging of key "losses_after_forward" was ignored as its type "<class 'torch.Tensor'>" is not handled by this wrapper.
WARNING 2025-12-07 00:40:31 db_utils.py:141 WandB logging of key "losses_after_rm_padding" was ignored as its type "<class 'torch.Tensor'>" is not handled by this wrapper.
INFO 2025-12-07 00:40:59 ot_train.py:351 step:10K smpl:77K ep:48 epch:0.96 loss:0.027 grdn:0.437 lr:5.5e-05 updt_s:0.134 data_s:0.004
WARNING 2025-12-07 00:40:59 db_utils.py:141 WandB logging of key "losses_after_forward" was ignored as its type "<class 'torch.Tensor'>" is not handled by this wrapper.
WARNING 2025-12-07 00:40:59 db_utils.py:141 WandB logging of key "losses_after_rm_padding" was ignored as its type "<class 'torch.Tensor'>" is not handled by this wrapper.
INFO 2025-12-07 00:41:27 ot_train.py:351 step:10K smpl:78K ep:49 epch:0.98 loss:0.026 grdn:0.427 lr:5.4e-05 updt_s:0.134 data_s:0.004
WARNING 2025-12-07 00:41:27 db_utils.py:141 WandB logging of key "losses_after_forward" was ignored as its type "<class 'torch.Tensor'>" is not handled by this wrapper.
WARNING 2025-12-07 00:41:27 db_utils.py:141 WandB logging of key "losses_after_rm_padding" was ignored as its type "<class 'torch.Tensor'>" is not handled by this wrapper.
huggingface/tokenizers: The current process just got forked, after parallelism has already been used. Disabling parallelism to avoid deadlocks...
To disable this warning, you can either:
	- Avoid using `tokenizers` before the fork if possible
	- Explicitly set the environment variable TOKENIZERS_PARALLELISM=(true | false)
huggingface/tokenizers: The current process just got forked, after parallelism has already been used. Disabling parallelism to avoid deadlocks...
To disable this warning, you can either:
	- Avoid using `tokenizers` before the fork if possible
	- Explicitly set the environment variable TOKENIZERS_PARALLELISM=(true | false)
huggingface/tokenizers: The current process just got forked, after parallelism has already been used. Disabling parallelism to avoid deadlocks...
To disable this warning, you can either:
	- Avoid using `tokenizers` before the fork if possible
	- Explicitly set the environment variable TOKENIZERS_PARALLELISM=(true | false)
huggingface/tokenizers: The current process just got forked, after parallelism has already been used. Disabling parallelism to avoid deadlocks...
To disable this warning, you can either:
	- Avoid using `tokenizers` before the fork if possible
	- Explicitly set the environment variable TOKENIZERS_PARALLELISM=(true | false)
huggingface/tokenizers: The current process just got forked, after parallelism has already been used. Disabling parallelism to avoid deadlocks...
To disable this warning, you can either:
	- Avoid using `tokenizers` before the fork if possible
	- Explicitly set the environment variable TOKENIZERS_PARALLELISM=(true | false)
huggingface/tokenizers: The current process just got forked, after parallelism has already been used. Disabling parallelism to avoid deadlocks...
To disable this warning, you can either:
	- Avoid using `tokenizers` before the fork if possible
	- Explicitly set the environment variable TOKENIZERS_PARALLELISM=(true | false)
huggingface/tokenizers: The current process just got forked, after parallelism has already been used. Disabling parallelism to avoid deadlocks...
To disable this warning, you can either:
	- Avoid using `tokenizers` before the fork if possible
	- Explicitly set the environment variable TOKENIZERS_PARALLELISM=(true | false)
huggingface/tokenizers: The current process just got forked, after parallelism has already been used. Disabling parallelism to avoid deadlocks...
To disable this warning, you can either:
	- Avoid using `tokenizers` before the fork if possible
	- Explicitly set the environment variable TOKENIZERS_PARALLELISM=(true | false)
/opt/venv/lib/python3.12/site-packages/torchvision/io/_video_deprecation_warning.py:5: UserWarning: The video decoding and encoding capabilities of torchvision are deprecated from version 0.22 and will be removed in version 0.24. We recommend that you migrate to TorchCodec, where we'll consolidate the future decoding/encoding capabilities of PyTorch: https://github.com/pytorch/torchcodec
  warnings.warn(
/opt/venv/lib/python3.12/site-packages/torchvision/io/_video_deprecation_warning.py:5: UserWarning: The video decoding and encoding capabilities of torchvision are deprecated from version 0.22 and will be removed in version 0.24. We recommend that you migrate to TorchCodec, where we'll consolidate the future decoding/encoding capabilities of PyTorch: https://github.com/pytorch/torchcodec
  warnings.warn(
/opt/venv/lib/python3.12/site-packages/torchvision/io/_video_deprecation_warning.py:5: UserWarning: The video decoding and encoding capabilities of torchvision are deprecated from version 0.22 and will be removed in version 0.24. We recommend that you migrate to TorchCodec, where we'll consolidate the future decoding/encoding capabilities of PyTorch: https://github.com/pytorch/torchcodec
  warnings.warn(
/opt/venv/lib/python3.12/site-packages/torchvision/io/_video_deprecation_warning.py:5: UserWarning: The video decoding and encoding capabilities of torchvision are deprecated from version 0.22 and will be removed in version 0.24. We recommend that you migrate to TorchCodec, where we'll consolidate the future decoding/encoding capabilities of PyTorch: https://github.com/pytorch/torchcodec
  warnings.warn(
/opt/venv/lib/python3.12/site-packages/torchvision/io/_video_deprecation_warning.py:5: UserWarning: The video decoding and encoding capabilities of torchvision are deprecated from version 0.22 and will be removed in version 0.24. We recommend that you migrate to TorchCodec, where we'll consolidate the future decoding/encoding capabilities of PyTorch: https://github.com/pytorch/torchcodec
  warnings.warn(
/opt/venv/lib/python3.12/site-packages/torchvision/io/_video_deprecation_warning.py:5: UserWarning: The video decoding and encoding capabilities of torchvision are deprecated from version 0.22 and will be removed in version 0.24. We recommend that you migrate to TorchCodec, where we'll consolidate the future decoding/encoding capabilities of PyTorch: https://github.com/pytorch/torchcodec
  warnings.warn(
/opt/venv/lib/python3.12/site-packages/torchvision/io/_video_deprecation_warning.py:5: UserWarning: The video decoding and encoding capabilities of torchvision are deprecated from version 0.22 and will be removed in version 0.24. We recommend that you migrate to TorchCodec, where we'll consolidate the future decoding/encoding capabilities of PyTorch: https://github.com/pytorch/torchcodec
  warnings.warn(
/opt/venv/lib/python3.12/site-packages/torchvision/io/_video_deprecation_warning.py:5: UserWarning: The video decoding and encoding capabilities of torchvision are deprecated from version 0.22 and will be removed in version 0.24. We recommend that you migrate to TorchCodec, where we'll consolidate the future decoding/encoding capabilities of PyTorch: https://github.com/pytorch/torchcodec
  warnings.warn(
INFO 2025-12-07 00:41:59 ot_train.py:351 step:10K smpl:80K ep:50 epch:1.00 loss:0.027 grdn:0.429 lr:5.2e-05 updt_s:0.134 data_s:0.027
WARNING 2025-12-07 00:41:59 db_utils.py:141 WandB logging of key "losses_after_forward" was ignored as its type "<class 'torch.Tensor'>" is not handled by this wrapper.
WARNING 2025-12-07 00:41:59 db_utils.py:141 WandB logging of key "losses_after_rm_padding" was ignored as its type "<class 'torch.Tensor'>" is not handled by this wrapper.
INFO 2025-12-07 00:41:59 ot_train.py:361 Checkpoint policy after step 10000
INFO 2025-12-07 00:42:30 ot_train.py:351 step:10K smpl:82K ep:51 epch:1.02 loss:0.024 grdn:0.422 lr:5.0e-05 updt_s:0.132 data_s:0.003
WARNING 2025-12-07 00:42:30 db_utils.py:141 WandB logging of key "losses_after_forward" was ignored as its type "<class 'torch.Tensor'>" is not handled by this wrapper.
WARNING 2025-12-07 00:42:30 db_utils.py:141 WandB logging of key "losses_after_rm_padding" was ignored as its type "<class 'torch.Tensor'>" is not handled by this wrapper.
INFO 2025-12-07 00:42:57 ot_train.py:351 step:10K smpl:83K ep:52 epch:1.04 loss:0.024 grdn:0.410 lr:4.9e-05 updt_s:0.131 data_s:0.004
WARNING 2025-12-07 00:42:57 db_utils.py:141 WandB logging of key "losses_after_forward" was ignored as its type "<class 'torch.Tensor'>" is not handled by this wrapper.
WARNING 2025-12-07 00:42:57 db_utils.py:141 WandB logging of key "losses_after_rm_padding" was ignored as its type "<class 'torch.Tensor'>" is not handled by this wrapper.
INFO 2025-12-07 00:43:25 ot_train.py:351 step:11K smpl:85K ep:53 epch:1.06 loss:0.025 grdn:0.405 lr:4.7e-05 updt_s:0.132 data_s:0.004
WARNING 2025-12-07 00:43:25 db_utils.py:141 WandB logging of key "losses_after_forward" was ignored as its type "<class 'torch.Tensor'>" is not handled by this wrapper.
WARNING 2025-12-07 00:43:25 db_utils.py:141 WandB logging of key "losses_after_rm_padding" was ignored as its type "<class 'torch.Tensor'>" is not handled by this wrapper.
INFO 2025-12-07 00:43:52 ot_train.py:351 step:11K smpl:86K ep:54 epch:1.08 loss:0.023 grdn:0.375 lr:4.6e-05 updt_s:0.132 data_s:0.004
WARNING 2025-12-07 00:43:52 db_utils.py:141 WandB logging of key "losses_after_forward" was ignored as its type "<class 'torch.Tensor'>" is not handled by this wrapper.
WARNING 2025-12-07 00:43:52 db_utils.py:141 WandB logging of key "losses_after_rm_padding" was ignored as its type "<class 'torch.Tensor'>" is not handled by this wrapper.
INFO 2025-12-07 00:44:19 ot_train.py:351 step:11K smpl:88K ep:55 epch:1.10 loss:0.024 grdn:0.391 lr:4.4e-05 updt_s:0.132 data_s:0.004
WARNING 2025-12-07 00:44:19 db_utils.py:141 WandB logging of key "losses_after_forward" was ignored as its type "<class 'torch.Tensor'>" is not handled by this wrapper.
WARNING 2025-12-07 00:44:19 db_utils.py:141 WandB logging of key "losses_after_rm_padding" was ignored as its type "<class 'torch.Tensor'>" is not handled by this wrapper.
INFO 2025-12-07 00:44:47 ot_train.py:351 step:11K smpl:90K ep:56 epch:1.12 loss:0.024 grdn:0.394 lr:4.3e-05 updt_s:0.133 data_s:0.004
WARNING 2025-12-07 00:44:47 db_utils.py:141 WandB logging of key "losses_after_forward" was ignored as its type "<class 'torch.Tensor'>" is not handled by this wrapper.
WARNING 2025-12-07 00:44:47 db_utils.py:141 WandB logging of key "losses_after_rm_padding" was ignored as its type "<class 'torch.Tensor'>" is not handled by this wrapper.
INFO 2025-12-07 00:45:15 ot_train.py:351 step:11K smpl:91K ep:57 epch:1.14 loss:0.023 grdn:0.386 lr:4.1e-05 updt_s:0.134 data_s:0.004
WARNING 2025-12-07 00:45:15 db_utils.py:141 WandB logging of key "losses_after_forward" was ignored as its type "<class 'torch.Tensor'>" is not handled by this wrapper.
WARNING 2025-12-07 00:45:15 db_utils.py:141 WandB logging of key "losses_after_rm_padding" was ignored as its type "<class 'torch.Tensor'>" is not handled by this wrapper.
INFO 2025-12-07 00:45:43 ot_train.py:351 step:12K smpl:93K ep:58 epch:1.16 loss:0.024 grdn:0.385 lr:4.0e-05 updt_s:0.136 data_s:0.004
WARNING 2025-12-07 00:45:43 db_utils.py:141 WandB logging of key "losses_after_forward" was ignored as its type "<class 'torch.Tensor'>" is not handled by this wrapper.
WARNING 2025-12-07 00:45:43 db_utils.py:141 WandB logging of key "losses_after_rm_padding" was ignored as its type "<class 'torch.Tensor'>" is not handled by this wrapper.
INFO 2025-12-07 00:46:10 ot_train.py:351 step:12K smpl:94K ep:59 epch:1.18 loss:0.021 grdn:0.357 lr:3.8e-05 updt_s:0.132 data_s:0.003
WARNING 2025-12-07 00:46:10 db_utils.py:141 WandB logging of key "losses_after_forward" was ignored as its type "<class 'torch.Tensor'>" is not handled by this wrapper.
WARNING 2025-12-07 00:46:10 db_utils.py:141 WandB logging of key "losses_after_rm_padding" was ignored as its type "<class 'torch.Tensor'>" is not handled by this wrapper.
INFO 2025-12-07 00:46:37 ot_train.py:351 step:12K smpl:96K ep:60 epch:1.20 loss:0.023 grdn:0.391 lr:3.7e-05 updt_s:0.132 data_s:0.003
WARNING 2025-12-07 00:46:37 db_utils.py:141 WandB logging of key "losses_after_forward" was ignored as its type "<class 'torch.Tensor'>" is not handled by this wrapper.
WARNING 2025-12-07 00:46:37 db_utils.py:141 WandB logging of key "losses_after_rm_padding" was ignored as its type "<class 'torch.Tensor'>" is not handled by this wrapper.
INFO 2025-12-07 00:47:05 ot_train.py:351 step:12K smpl:98K ep:61 epch:1.22 loss:0.023 grdn:0.385 lr:3.5e-05 updt_s:0.132 data_s:0.003
WARNING 2025-12-07 00:47:05 db_utils.py:141 WandB logging of key "losses_after_forward" was ignored as its type "<class 'torch.Tensor'>" is not handled by this wrapper.
WARNING 2025-12-07 00:47:05 db_utils.py:141 WandB logging of key "losses_after_rm_padding" was ignored as its type "<class 'torch.Tensor'>" is not handled by this wrapper.
INFO 2025-12-07 00:47:32 ot_train.py:351 step:12K smpl:99K ep:62 epch:1.24 loss:0.022 grdn:0.358 lr:3.4e-05 updt_s:0.132 data_s:0.003
WARNING 2025-12-07 00:47:32 db_utils.py:141 WandB logging of key "losses_after_forward" was ignored as its type "<class 'torch.Tensor'>" is not handled by this wrapper.
WARNING 2025-12-07 00:47:32 db_utils.py:141 WandB logging of key "losses_after_rm_padding" was ignored as its type "<class 'torch.Tensor'>" is not handled by this wrapper.
INFO 2025-12-07 00:48:00 ot_train.py:351 step:13K smpl:101K ep:63 epch:1.26 loss:0.022 grdn:0.351 lr:3.3e-05 updt_s:0.134 data_s:0.003
WARNING 2025-12-07 00:48:00 db_utils.py:141 WandB logging of key "losses_after_forward" was ignored as its type "<class 'torch.Tensor'>" is not handled by this wrapper.
WARNING 2025-12-07 00:48:00 db_utils.py:141 WandB logging of key "losses_after_rm_padding" was ignored as its type "<class 'torch.Tensor'>" is not handled by this wrapper.
INFO 2025-12-07 00:48:27 ot_train.py:351 step:13K smpl:102K ep:64 epch:1.28 loss:0.022 grdn:0.350 lr:3.1e-05 updt_s:0.133 data_s:0.003
WARNING 2025-12-07 00:48:27 db_utils.py:141 WandB logging of key "losses_after_forward" was ignored as its type "<class 'torch.Tensor'>" is not handled by this wrapper.
WARNING 2025-12-07 00:48:27 db_utils.py:141 WandB logging of key "losses_after_rm_padding" was ignored as its type "<class 'torch.Tensor'>" is not handled by this wrapper.
INFO 2025-12-07 00:48:55 ot_train.py:351 step:13K smpl:104K ep:65 epch:1.30 loss:0.022 grdn:0.365 lr:3.0e-05 updt_s:0.132 data_s:0.003
WARNING 2025-12-07 00:48:55 db_utils.py:141 WandB logging of key "losses_after_forward" was ignored as its type "<class 'torch.Tensor'>" is not handled by this wrapper.
WARNING 2025-12-07 00:48:55 db_utils.py:141 WandB logging of key "losses_after_rm_padding" was ignored as its type "<class 'torch.Tensor'>" is not handled by this wrapper.
INFO 2025-12-07 00:49:22 ot_train.py:351 step:13K smpl:106K ep:66 epch:1.32 loss:0.021 grdn:0.342 lr:2.8e-05 updt_s:0.134 data_s:0.004
WARNING 2025-12-07 00:49:22 db_utils.py:141 WandB logging of key "losses_after_forward" was ignored as its type "<class 'torch.Tensor'>" is not handled by this wrapper.
WARNING 2025-12-07 00:49:22 db_utils.py:141 WandB logging of key "losses_after_rm_padding" was ignored as its type "<class 'torch.Tensor'>" is not handled by this wrapper.
INFO 2025-12-07 00:49:50 ot_train.py:351 step:13K smpl:107K ep:67 epch:1.34 loss:0.022 grdn:0.355 lr:2.7e-05 updt_s:0.132 data_s:0.004
WARNING 2025-12-07 00:49:50 db_utils.py:141 WandB logging of key "losses_after_forward" was ignored as its type "<class 'torch.Tensor'>" is not handled by this wrapper.
WARNING 2025-12-07 00:49:50 db_utils.py:141 WandB logging of key "losses_after_rm_padding" was ignored as its type "<class 'torch.Tensor'>" is not handled by this wrapper.
INFO 2025-12-07 00:50:17 ot_train.py:351 step:14K smpl:109K ep:68 epch:1.36 loss:0.021 grdn:0.341 lr:2.6e-05 updt_s:0.134 data_s:0.004
WARNING 2025-12-07 00:50:17 db_utils.py:141 WandB logging of key "losses_after_forward" was ignored as its type "<class 'torch.Tensor'>" is not handled by this wrapper.
WARNING 2025-12-07 00:50:17 db_utils.py:141 WandB logging of key "losses_after_rm_padding" was ignored as its type "<class 'torch.Tensor'>" is not handled by this wrapper.
INFO 2025-12-07 00:50:45 ot_train.py:351 step:14K smpl:110K ep:69 epch:1.38 loss:0.021 grdn:0.350 lr:2.4e-05 updt_s:0.135 data_s:0.004
WARNING 2025-12-07 00:50:45 db_utils.py:141 WandB logging of key "losses_after_forward" was ignored as its type "<class 'torch.Tensor'>" is not handled by this wrapper.
WARNING 2025-12-07 00:50:45 db_utils.py:141 WandB logging of key "losses_after_rm_padding" was ignored as its type "<class 'torch.Tensor'>" is not handled by this wrapper.
INFO 2025-12-07 00:51:14 ot_train.py:351 step:14K smpl:112K ep:70 epch:1.40 loss:0.021 grdn:0.347 lr:2.3e-05 updt_s:0.137 data_s:0.004
WARNING 2025-12-07 00:51:14 db_utils.py:141 WandB logging of key "losses_after_forward" was ignored as its type "<class 'torch.Tensor'>" is not handled by this wrapper.
WARNING 2025-12-07 00:51:14 db_utils.py:141 WandB logging of key "losses_after_rm_padding" was ignored as its type "<class 'torch.Tensor'>" is not handled by this wrapper.
INFO 2025-12-07 00:51:42 ot_train.py:351 step:14K smpl:114K ep:71 epch:1.42 loss:0.020 grdn:0.322 lr:2.2e-05 updt_s:0.135 data_s:0.004
WARNING 2025-12-07 00:51:42 db_utils.py:141 WandB logging of key "losses_after_forward" was ignored as its type "<class 'torch.Tensor'>" is not handled by this wrapper.
WARNING 2025-12-07 00:51:42 db_utils.py:141 WandB logging of key "losses_after_rm_padding" was ignored as its type "<class 'torch.Tensor'>" is not handled by this wrapper.
INFO 2025-12-07 00:52:10 ot_train.py:351 step:14K smpl:115K ep:72 epch:1.44 loss:0.020 grdn:0.334 lr:2.1e-05 updt_s:0.136 data_s:0.004
WARNING 2025-12-07 00:52:10 db_utils.py:141 WandB logging of key "losses_after_forward" was ignored as its type "<class 'torch.Tensor'>" is not handled by this wrapper.
WARNING 2025-12-07 00:52:10 db_utils.py:141 WandB logging of key "losses_after_rm_padding" was ignored as its type "<class 'torch.Tensor'>" is not handled by this wrapper.
INFO 2025-12-07 00:52:37 ot_train.py:351 step:15K smpl:117K ep:73 epch:1.46 loss:0.019 grdn:0.314 lr:2.0e-05 updt_s:0.134 data_s:0.004
WARNING 2025-12-07 00:52:37 db_utils.py:141 WandB logging of key "losses_after_forward" was ignored as its type "<class 'torch.Tensor'>" is not handled by this wrapper.
WARNING 2025-12-07 00:52:37 db_utils.py:141 WandB logging of key "losses_after_rm_padding" was ignored as its type "<class 'torch.Tensor'>" is not handled by this wrapper.
INFO 2025-12-07 00:53:05 ot_train.py:351 step:15K smpl:118K ep:74 epch:1.48 loss:0.019 grdn:0.316 lr:1.8e-05 updt_s:0.135 data_s:0.004
WARNING 2025-12-07 00:53:05 db_utils.py:141 WandB logging of key "losses_after_forward" was ignored as its type "<class 'torch.Tensor'>" is not handled by this wrapper.
WARNING 2025-12-07 00:53:05 db_utils.py:141 WandB logging of key "losses_after_rm_padding" was ignored as its type "<class 'torch.Tensor'>" is not handled by this wrapper.
INFO 2025-12-07 00:53:33 ot_train.py:351 step:15K smpl:120K ep:75 epch:1.50 loss:0.020 grdn:0.329 lr:1.7e-05 updt_s:0.133 data_s:0.004
WARNING 2025-12-07 00:53:33 db_utils.py:141 WandB logging of key "losses_after_forward" was ignored as its type "<class 'torch.Tensor'>" is not handled by this wrapper.
WARNING 2025-12-07 00:53:33 db_utils.py:141 WandB logging of key "losses_after_rm_padding" was ignored as its type "<class 'torch.Tensor'>" is not handled by this wrapper.
INFO 2025-12-07 00:53:33 ot_train.py:361 Checkpoint policy after step 15000
INFO 2025-12-07 00:54:05 ot_train.py:351 step:15K smpl:122K ep:76 epch:1.52 loss:0.020 grdn:0.320 lr:1.6e-05 updt_s:0.135 data_s:0.004
WARNING 2025-12-07 00:54:05 db_utils.py:141 WandB logging of key "losses_after_forward" was ignored as its type "<class 'torch.Tensor'>" is not handled by this wrapper.
WARNING 2025-12-07 00:54:05 db_utils.py:141 WandB logging of key "losses_after_rm_padding" was ignored as its type "<class 'torch.Tensor'>" is not handled by this wrapper.
INFO 2025-12-07 00:54:33 ot_train.py:351 step:15K smpl:123K ep:77 epch:1.55 loss:0.020 grdn:0.325 lr:1.5e-05 updt_s:0.136 data_s:0.004
WARNING 2025-12-07 00:54:33 db_utils.py:141 WandB logging of key "losses_after_forward" was ignored as its type "<class 'torch.Tensor'>" is not handled by this wrapper.
WARNING 2025-12-07 00:54:33 db_utils.py:141 WandB logging of key "losses_after_rm_padding" was ignored as its type "<class 'torch.Tensor'>" is not handled by this wrapper.
INFO 2025-12-07 00:55:01 ot_train.py:351 step:16K smpl:125K ep:78 epch:1.57 loss:0.019 grdn:0.311 lr:1.4e-05 updt_s:0.134 data_s:0.004
WARNING 2025-12-07 00:55:01 db_utils.py:141 WandB logging of key "losses_after_forward" was ignored as its type "<class 'torch.Tensor'>" is not handled by this wrapper.
WARNING 2025-12-07 00:55:01 db_utils.py:141 WandB logging of key "losses_after_rm_padding" was ignored as its type "<class 'torch.Tensor'>" is not handled by this wrapper.
INFO 2025-12-07 00:55:28 ot_train.py:351 step:16K smpl:126K ep:79 epch:1.59 loss:0.018 grdn:0.298 lr:1.3e-05 updt_s:0.134 data_s:0.004
WARNING 2025-12-07 00:55:28 db_utils.py:141 WandB logging of key "losses_after_forward" was ignored as its type "<class 'torch.Tensor'>" is not handled by this wrapper.
WARNING 2025-12-07 00:55:28 db_utils.py:141 WandB logging of key "losses_after_rm_padding" was ignored as its type "<class 'torch.Tensor'>" is not handled by this wrapper.
INFO 2025-12-07 00:55:56 ot_train.py:351 step:16K smpl:128K ep:80 epch:1.61 loss:0.018 grdn:0.304 lr:1.2e-05 updt_s:0.133 data_s:0.004
WARNING 2025-12-07 00:55:56 db_utils.py:141 WandB logging of key "losses_after_forward" was ignored as its type "<class 'torch.Tensor'>" is not handled by this wrapper.
WARNING 2025-12-07 00:55:56 db_utils.py:141 WandB logging of key "losses_after_rm_padding" was ignored as its type "<class 'torch.Tensor'>" is not handled by this wrapper.
INFO 2025-12-07 00:56:24 ot_train.py:351 step:16K smpl:130K ep:81 epch:1.63 loss:0.020 grdn:0.321 lr:1.1e-05 updt_s:0.134 data_s:0.004
WARNING 2025-12-07 00:56:24 db_utils.py:141 WandB logging of key "losses_after_forward" was ignored as its type "<class 'torch.Tensor'>" is not handled by this wrapper.
WARNING 2025-12-07 00:56:24 db_utils.py:141 WandB logging of key "losses_after_rm_padding" was ignored as its type "<class 'torch.Tensor'>" is not handled by this wrapper.
INFO 2025-12-07 00:56:52 ot_train.py:351 step:16K smpl:131K ep:82 epch:1.65 loss:0.020 grdn:0.323 lr:1.1e-05 updt_s:0.137 data_s:0.004
WARNING 2025-12-07 00:56:52 db_utils.py:141 WandB logging of key "losses_after_forward" was ignored as its type "<class 'torch.Tensor'>" is not handled by this wrapper.
WARNING 2025-12-07 00:56:52 db_utils.py:141 WandB logging of key "losses_after_rm_padding" was ignored as its type "<class 'torch.Tensor'>" is not handled by this wrapper.
INFO 2025-12-07 00:57:20 ot_train.py:351 step:17K smpl:133K ep:83 epch:1.67 loss:0.019 grdn:0.314 lr:9.7e-06 updt_s:0.136 data_s:0.004
WARNING 2025-12-07 00:57:20 db_utils.py:141 WandB logging of key "losses_after_forward" was ignored as its type "<class 'torch.Tensor'>" is not handled by this wrapper.
WARNING 2025-12-07 00:57:20 db_utils.py:141 WandB logging of key "losses_after_rm_padding" was ignored as its type "<class 'torch.Tensor'>" is not handled by this wrapper.
INFO 2025-12-07 00:57:48 ot_train.py:351 step:17K smpl:134K ep:84 epch:1.69 loss:0.019 grdn:0.298 lr:8.9e-06 updt_s:0.134 data_s:0.004
WARNING 2025-12-07 00:57:48 db_utils.py:141 WandB logging of key "losses_after_forward" was ignored as its type "<class 'torch.Tensor'>" is not handled by this wrapper.
WARNING 2025-12-07 00:57:48 db_utils.py:141 WandB logging of key "losses_after_rm_padding" was ignored as its type "<class 'torch.Tensor'>" is not handled by this wrapper.
INFO 2025-12-07 00:58:15 ot_train.py:351 step:17K smpl:136K ep:85 epch:1.71 loss:0.020 grdn:0.316 lr:8.2e-06 updt_s:0.133 data_s:0.004
WARNING 2025-12-07 00:58:15 db_utils.py:141 WandB logging of key "losses_after_forward" was ignored as its type "<class 'torch.Tensor'>" is not handled by this wrapper.
WARNING 2025-12-07 00:58:15 db_utils.py:141 WandB logging of key "losses_after_rm_padding" was ignored as its type "<class 'torch.Tensor'>" is not handled by this wrapper.
INFO 2025-12-07 00:58:43 ot_train.py:351 step:17K smpl:138K ep:86 epch:1.73 loss:0.020 grdn:0.313 lr:7.5e-06 updt_s:0.136 data_s:0.004
WARNING 2025-12-07 00:58:43 db_utils.py:141 WandB logging of key "losses_after_forward" was ignored as its type "<class 'torch.Tensor'>" is not handled by this wrapper.
WARNING 2025-12-07 00:58:43 db_utils.py:141 WandB logging of key "losses_after_rm_padding" was ignored as its type "<class 'torch.Tensor'>" is not handled by this wrapper.
INFO 2025-12-07 00:59:11 ot_train.py:351 step:17K smpl:139K ep:87 epch:1.75 loss:0.019 grdn:0.316 lr:6.8e-06 updt_s:0.136 data_s:0.003
WARNING 2025-12-07 00:59:11 db_utils.py:141 WandB logging of key "losses_after_forward" was ignored as its type "<class 'torch.Tensor'>" is not handled by this wrapper.
WARNING 2025-12-07 00:59:11 db_utils.py:141 WandB logging of key "losses_after_rm_padding" was ignored as its type "<class 'torch.Tensor'>" is not handled by this wrapper.
INFO 2025-12-07 00:59:39 ot_train.py:351 step:18K smpl:141K ep:88 epch:1.77 loss:0.019 grdn:0.309 lr:6.2e-06 updt_s:0.134 data_s:0.004
WARNING 2025-12-07 00:59:39 db_utils.py:141 WandB logging of key "losses_after_forward" was ignored as its type "<class 'torch.Tensor'>" is not handled by this wrapper.
WARNING 2025-12-07 00:59:39 db_utils.py:141 WandB logging of key "losses_after_rm_padding" was ignored as its type "<class 'torch.Tensor'>" is not handled by this wrapper.
INFO 2025-12-07 01:00:07 ot_train.py:351 step:18K smpl:142K ep:89 epch:1.79 loss:0.019 grdn:0.298 lr:5.6e-06 updt_s:0.134 data_s:0.004
WARNING 2025-12-07 01:00:07 db_utils.py:141 WandB logging of key "losses_after_forward" was ignored as its type "<class 'torch.Tensor'>" is not handled by this wrapper.
WARNING 2025-12-07 01:00:07 db_utils.py:141 WandB logging of key "losses_after_rm_padding" was ignored as its type "<class 'torch.Tensor'>" is not handled by this wrapper.
INFO 2025-12-07 01:00:35 ot_train.py:351 step:18K smpl:144K ep:90 epch:1.81 loss:0.018 grdn:0.297 lr:5.1e-06 updt_s:0.134 data_s:0.004
WARNING 2025-12-07 01:00:35 db_utils.py:141 WandB logging of key "losses_after_forward" was ignored as its type "<class 'torch.Tensor'>" is not handled by this wrapper.
WARNING 2025-12-07 01:00:35 db_utils.py:141 WandB logging of key "losses_after_rm_padding" was ignored as its type "<class 'torch.Tensor'>" is not handled by this wrapper.
INFO 2025-12-07 01:01:02 ot_train.py:351 step:18K smpl:146K ep:91 epch:1.83 loss:0.019 grdn:0.308 lr:4.7e-06 updt_s:0.135 data_s:0.004
WARNING 2025-12-07 01:01:02 db_utils.py:141 WandB logging of key "losses_after_forward" was ignored as its type "<class 'torch.Tensor'>" is not handled by this wrapper.
WARNING 2025-12-07 01:01:02 db_utils.py:141 WandB logging of key "losses_after_rm_padding" was ignored as its type "<class 'torch.Tensor'>" is not handled by this wrapper.
INFO 2025-12-07 01:01:30 ot_train.py:351 step:18K smpl:147K ep:92 epch:1.85 loss:0.019 grdn:0.306 lr:4.2e-06 updt_s:0.135 data_s:0.004
WARNING 2025-12-07 01:01:30 db_utils.py:141 WandB logging of key "losses_after_forward" was ignored as its type "<class 'torch.Tensor'>" is not handled by this wrapper.
WARNING 2025-12-07 01:01:30 db_utils.py:141 WandB logging of key "losses_after_rm_padding" was ignored as its type "<class 'torch.Tensor'>" is not handled by this wrapper.
INFO 2025-12-07 01:01:58 ot_train.py:351 step:19K smpl:149K ep:93 epch:1.87 loss:0.018 grdn:0.292 lr:3.8e-06 updt_s:0.134 data_s:0.004
WARNING 2025-12-07 01:01:58 db_utils.py:141 WandB logging of key "losses_after_forward" was ignored as its type "<class 'torch.Tensor'>" is not handled by this wrapper.
WARNING 2025-12-07 01:01:58 db_utils.py:141 WandB logging of key "losses_after_rm_padding" was ignored as its type "<class 'torch.Tensor'>" is not handled by this wrapper.
INFO 2025-12-07 01:02:26 ot_train.py:351 step:19K smpl:150K ep:94 epch:1.89 loss:0.019 grdn:0.298 lr:3.5e-06 updt_s:0.135 data_s:0.004
WARNING 2025-12-07 01:02:26 db_utils.py:141 WandB logging of key "losses_after_forward" was ignored as its type "<class 'torch.Tensor'>" is not handled by this wrapper.
WARNING 2025-12-07 01:02:26 db_utils.py:141 WandB logging of key "losses_after_rm_padding" was ignored as its type "<class 'torch.Tensor'>" is not handled by this wrapper.
INFO 2025-12-07 01:02:54 ot_train.py:351 step:19K smpl:152K ep:95 epch:1.91 loss:0.019 grdn:0.294 lr:3.2e-06 updt_s:0.133 data_s:0.004
WARNING 2025-12-07 01:02:54 db_utils.py:141 WandB logging of key "losses_after_forward" was ignored as its type "<class 'torch.Tensor'>" is not handled by this wrapper.
WARNING 2025-12-07 01:02:54 db_utils.py:141 WandB logging of key "losses_after_rm_padding" was ignored as its type "<class 'torch.Tensor'>" is not handled by this wrapper.
INFO 2025-12-07 01:03:21 ot_train.py:351 step:19K smpl:154K ep:96 epch:1.93 loss:0.020 grdn:0.313 lr:3.0e-06 updt_s:0.134 data_s:0.004
WARNING 2025-12-07 01:03:21 db_utils.py:141 WandB logging of key "losses_after_forward" was ignored as its type "<class 'torch.Tensor'>" is not handled by this wrapper.
WARNING 2025-12-07 01:03:21 db_utils.py:141 WandB logging of key "losses_after_rm_padding" was ignored as its type "<class 'torch.Tensor'>" is not handled by this wrapper.
INFO 2025-12-07 01:03:49 ot_train.py:351 step:19K smpl:155K ep:97 epch:1.95 loss:0.019 grdn:0.301 lr:2.8e-06 updt_s:0.134 data_s:0.004
WARNING 2025-12-07 01:03:49 db_utils.py:141 WandB logging of key "losses_after_forward" was ignored as its type "<class 'torch.Tensor'>" is not handled by this wrapper.
WARNING 2025-12-07 01:03:49 db_utils.py:141 WandB logging of key "losses_after_rm_padding" was ignored as its type "<class 'torch.Tensor'>" is not handled by this wrapper.
INFO 2025-12-07 01:04:17 ot_train.py:351 step:20K smpl:157K ep:98 epch:1.97 loss:0.019 grdn:0.298 lr:2.7e-06 updt_s:0.135 data_s:0.004
WARNING 2025-12-07 01:04:17 db_utils.py:141 WandB logging of key "losses_after_forward" was ignored as its type "<class 'torch.Tensor'>" is not handled by this wrapper.
WARNING 2025-12-07 01:04:17 db_utils.py:141 WandB logging of key "losses_after_rm_padding" was ignored as its type "<class 'torch.Tensor'>" is not handled by this wrapper.
INFO 2025-12-07 01:04:45 ot_train.py:351 step:20K smpl:158K ep:99 epch:1.99 loss:0.019 grdn:0.315 lr:2.6e-06 updt_s:0.133 data_s:0.004
WARNING 2025-12-07 01:04:45 db_utils.py:141 WandB logging of key "losses_after_forward" was ignored as its type "<class 'torch.Tensor'>" is not handled by this wrapper.
WARNING 2025-12-07 01:04:45 db_utils.py:141 WandB logging of key "losses_after_rm_padding" was ignored as its type "<class 'torch.Tensor'>" is not handled by this wrapper.
huggingface/tokenizers: The current process just got forked, after parallelism has already been used. Disabling parallelism to avoid deadlocks...
To disable this warning, you can either:
	- Avoid using `tokenizers` before the fork if possible
	- Explicitly set the environment variable TOKENIZERS_PARALLELISM=(true | false)
huggingface/tokenizers: The current process just got forked, after parallelism has already been used. Disabling parallelism to avoid deadlocks...
To disable this warning, you can either:
	- Avoid using `tokenizers` before the fork if possible
	- Explicitly set the environment variable TOKENIZERS_PARALLELISM=(true | false)
huggingface/tokenizers: The current process just got forked, after parallelism has already been used. Disabling parallelism to avoid deadlocks...
To disable this warning, you can either:
	- Avoid using `tokenizers` before the fork if possible
	- Explicitly set the environment variable TOKENIZERS_PARALLELISM=(true | false)
huggingface/tokenizers: The current process just got forked, after parallelism has already been used. Disabling parallelism to avoid deadlocks...
To disable this warning, you can either:
	- Avoid using `tokenizers` before the fork if possible
	- Explicitly set the environment variable TOKENIZERS_PARALLELISM=(true | false)
huggingface/tokenizers: The current process just got forked, after parallelism has already been used. Disabling parallelism to avoid deadlocks...
To disable this warning, you can either:
	- Avoid using `tokenizers` before the fork if possible
	- Explicitly set the environment variable TOKENIZERS_PARALLELISM=(true | false)
huggingface/tokenizers: The current process just got forked, after parallelism has already been used. Disabling parallelism to avoid deadlocks...
To disable this warning, you can either:
	- Avoid using `tokenizers` before the fork if possible
	- Explicitly set the environment variable TOKENIZERS_PARALLELISM=(true | false)
huggingface/tokenizers: The current process just got forked, after parallelism has already been used. Disabling parallelism to avoid deadlocks...
To disable this warning, you can either:
	- Avoid using `tokenizers` before the fork if possible
	- Explicitly set the environment variable TOKENIZERS_PARALLELISM=(true | false)
huggingface/tokenizers: The current process just got forked, after parallelism has already been used. Disabling parallelism to avoid deadlocks...
To disable this warning, you can either:
	- Avoid using `tokenizers` before the fork if possible
	- Explicitly set the environment variable TOKENIZERS_PARALLELISM=(true | false)
/opt/venv/lib/python3.12/site-packages/torchvision/io/_video_deprecation_warning.py:5: UserWarning: The video decoding and encoding capabilities of torchvision are deprecated from version 0.22 and will be removed in version 0.24. We recommend that you migrate to TorchCodec, where we'll consolidate the future decoding/encoding capabilities of PyTorch: https://github.com/pytorch/torchcodec
  warnings.warn(
/opt/venv/lib/python3.12/site-packages/torchvision/io/_video_deprecation_warning.py:5: UserWarning: The video decoding and encoding capabilities of torchvision are deprecated from version 0.22 and will be removed in version 0.24. We recommend that you migrate to TorchCodec, where we'll consolidate the future decoding/encoding capabilities of PyTorch: https://github.com/pytorch/torchcodec
  warnings.warn(
/opt/venv/lib/python3.12/site-packages/torchvision/io/_video_deprecation_warning.py:5: UserWarning: The video decoding and encoding capabilities of torchvision are deprecated from version 0.22 and will be removed in version 0.24. We recommend that you migrate to TorchCodec, where we'll consolidate the future decoding/encoding capabilities of PyTorch: https://github.com/pytorch/torchcodec
  warnings.warn(
/opt/venv/lib/python3.12/site-packages/torchvision/io/_video_deprecation_warning.py:5: UserWarning: The video decoding and encoding capabilities of torchvision are deprecated from version 0.22 and will be removed in version 0.24. We recommend that you migrate to TorchCodec, where we'll consolidate the future decoding/encoding capabilities of PyTorch: https://github.com/pytorch/torchcodec
  warnings.warn(
/opt/venv/lib/python3.12/site-packages/torchvision/io/_video_deprecation_warning.py:5: UserWarning: The video decoding and encoding capabilities of torchvision are deprecated from version 0.22 and will be removed in version 0.24. We recommend that you migrate to TorchCodec, where we'll consolidate the future decoding/encoding capabilities of PyTorch: https://github.com/pytorch/torchcodec
  warnings.warn(
/opt/venv/lib/python3.12/site-packages/torchvision/io/_video_deprecation_warning.py:5: UserWarning: The video decoding and encoding capabilities of torchvision are deprecated from version 0.22 and will be removed in version 0.24. We recommend that you migrate to TorchCodec, where we'll consolidate the future decoding/encoding capabilities of PyTorch: https://github.com/pytorch/torchcodec
  warnings.warn(
/opt/venv/lib/python3.12/site-packages/torchvision/io/_video_deprecation_warning.py:5: UserWarning: The video decoding and encoding capabilities of torchvision are deprecated from version 0.22 and will be removed in version 0.24. We recommend that you migrate to TorchCodec, where we'll consolidate the future decoding/encoding capabilities of PyTorch: https://github.com/pytorch/torchcodec
  warnings.warn(
/opt/venv/lib/python3.12/site-packages/torchvision/io/_video_deprecation_warning.py:5: UserWarning: The video decoding and encoding capabilities of torchvision are deprecated from version 0.22 and will be removed in version 0.24. We recommend that you migrate to TorchCodec, where we'll consolidate the future decoding/encoding capabilities of PyTorch: https://github.com/pytorch/torchcodec
  warnings.warn(
INFO 2025-12-07 01:05:17 ot_train.py:351 step:20K smpl:160K ep:100 epch:2.01 loss:0.018 grdn:0.291 lr:2.5e-06 updt_s:0.134 data_s:0.026
WARNING 2025-12-07 01:05:17 db_utils.py:141 WandB logging of key "losses_after_forward" was ignored as its type "<class 'torch.Tensor'>" is not handled by this wrapper.
WARNING 2025-12-07 01:05:17 db_utils.py:141 WandB logging of key "losses_after_rm_padding" was ignored as its type "<class 'torch.Tensor'>" is not handled by this wrapper.
INFO 2025-12-07 01:05:17 ot_train.py:361 Checkpoint policy after step 20000
INFO 2025-12-07 01:05:21 ot_train.py:430 End of training
Traceback (most recent call last):
  File "/opt/venv/lib/python3.12/site-packages/huggingface_hub/utils/_http.py", line 407, in hf_raise_for_status
    response.raise_for_status()
  File "/opt/venv/lib/python3.12/site-packages/requests/models.py", line 1026, in raise_for_status
    raise HTTPError(http_error_msg, response=self)
requests.exceptions.HTTPError: 403 Client Error: Forbidden for url: https://huggingface.co/api/repos/create

The above exception was the direct cause of the following exception:

Traceback (most recent call last):
  File "/opt/venv/bin/lerobot-train", line 7, in <module>
    sys.exit(main())
             ^^^^^^
  File "/opt/venv/lib/python3.12/site-packages/lerobot/scripts/lerobot_train.py", line 444, in main
    train()
  File "/opt/venv/lib/python3.12/site-packages/lerobot/configs/parser.py", line 233, in wrapper_inner
    response = fn(cfg, *args, **kwargs)
               ^^^^^^^^^^^^^^^^^^^^^^^^
  File "/opt/venv/lib/python3.12/site-packages/lerobot/scripts/lerobot_train.py", line 434, in train
    unwrapped_policy.push_model_to_hub(cfg)
  File "/opt/venv/lib/python3.12/site-packages/lerobot/policies/pretrained.py", line 211, in push_model_to_hub
    repo_id = api.create_repo(
              ^^^^^^^^^^^^^^^^
  File "/opt/venv/lib/python3.12/site-packages/huggingface_hub/utils/_validators.py", line 114, in _inner_fn
    return fn(*args, **kwargs)
           ^^^^^^^^^^^^^^^^^^^
  File "/opt/venv/lib/python3.12/site-packages/huggingface_hub/hf_api.py", line 3779, in create_repo
    raise err
  File "/opt/venv/lib/python3.12/site-packages/huggingface_hub/hf_api.py", line 3766, in create_repo
    hf_raise_for_status(r)
  File "/opt/venv/lib/python3.12/site-packages/huggingface_hub/utils/_http.py", line 471, in hf_raise_for_status
    raise _format(HfHubHTTPError, message, response) from e
huggingface_hub.errors.HfHubHTTPError: (Request ID: Root=1-6934d2d1-2782e11620de204b18f96bec;c117fd1e-37a4-496a-906b-bf3e2ac62013)

403 Forbidden: You don't have the rights to create a model under the namespace "wmeddie".
Cannot access content at: https://huggingface.co/api/repos/create.
Make sure your token has the correct permissions.
